SF:lib\auth\firebase_auth\firebase_auth_manager.dart
DA:30,2
DA:31,2
DA:33,1
DA:34,2
DA:35,2
DA:37,1
DA:38,1
DA:39,1
DA:55,0
DA:57,0
DA:60,0
DA:63,0
DA:64,0
DA:67,0
DA:68,0
DA:69,0
DA:70,0
DA:71,0
DA:72,0
DA:73,0
DA:80,0
DA:86,0
DA:87,0
DA:90,0
DA:91,0
DA:92,0
DA:93,0
DA:94,0
DA:95,0
DA:96,0
DA:97,0
DA:104,0
DA:109,0
DA:110,0
DA:113,0
DA:114,0
DA:115,0
DA:116,0
DA:117,0
DA:118,0
DA:124,0
DA:130,0
DA:131,0
DA:132,0
DA:133,0
DA:134,0
DA:138,0
DA:139,0
DA:143,0
DA:149,0
DA:151,0
DA:155,0
DA:161,0
DA:163,0
DA:167,0
DA:171,0
DA:173,0
DA:175,0
DA:177,0
DA:179,0
DA:181,0
DA:183,0
DA:185,0
DA:190,0
DA:192,0
DA:193,0
DA:194,0
DA:198,0
DA:199,0
DA:200,0
DA:201,0
DA:202,0
DA:203,0
DA:204,0
DA:205,0
DA:207,0
DA:212,0
DA:218,0
DA:220,0
DA:221,0
DA:222,0
DA:225,0
DA:231,0
DA:234,0
DA:235,0
DA:236,0
DA:237,0
DA:238,0
DA:239,0
DA:249,0
DA:250,0
DA:251,0
DA:252,0
DA:254,0
DA:256,0
DA:257,0
DA:258,0
DA:259,0
DA:260,0
DA:262,0
DA:264,0
DA:267,0
DA:270,0
DA:276,0
DA:278,0
DA:282,0
DA:283,0
DA:286,0
DA:288,0
DA:294,0
DA:296,0
DA:300,0
DA:306,0
DA:307,0
DA:308,0
DA:312,0
DA:313,0
DA:314,0
DA:315,0
DA:317,0
DA:319,0
DA:321,0
DA:322,0
DA:323,0
LF:124
LH:8
end_of_record
SF:lib\auth\base_auth_user_provider.dart
DA:2,0
DA:27,0
DA:29,0
DA:30,0
DA:31,0
DA:32,0
DA:33,0
DA:37,0
LF:8
LH:0
end_of_record
SF:lib\backend\backend.dart
DA:44,0
DA:48,0
DA:49,0
DA:54,0
DA:59,0
DA:60,0
DA:67,0
DA:72,0
DA:73,0
DA:81,0
DA:86,0
DA:87,0
DA:92,0
DA:98,0
DA:99,0
DA:106,0
DA:112,0
DA:113,0
DA:121,0
DA:126,0
DA:127,0
DA:132,0
DA:138,0
DA:139,0
DA:146,0
DA:152,0
DA:153,0
DA:161,0
DA:165,0
DA:166,0
DA:171,0
DA:176,0
DA:177,0
DA:184,0
DA:189,0
DA:190,0
DA:198,0
DA:202,0
DA:203,0
DA:208,0
DA:213,0
DA:214,0
DA:221,0
DA:226,0
DA:227,0
DA:235,0
DA:239,0
DA:240,0
DA:245,0
DA:250,0
DA:251,0
DA:258,0
DA:263,0
DA:264,0
DA:272,0
DA:276,0
DA:277,0
DA:282,0
DA:287,0
DA:288,0
DA:295,0
DA:300,0
DA:301,0
DA:309,0
DA:314,0
DA:315,0
DA:320,0
DA:326,0
DA:327,0
DA:334,0
DA:340,0
DA:341,0
DA:349,0
DA:354,0
DA:355,0
DA:360,0
DA:366,0
DA:367,0
DA:374,0
DA:380,0
DA:381,0
DA:389,0
DA:393,0
DA:394,0
DA:399,0
DA:404,0
DA:405,0
DA:412,0
DA:417,0
DA:418,0
DA:426,0
DA:431,0
DA:432,0
DA:437,0
DA:443,0
DA:444,0
DA:451,0
DA:457,0
DA:458,0
DA:466,0
DA:470,0
DA:471,0
DA:476,0
DA:481,0
DA:482,0
DA:489,0
DA:494,0
DA:495,0
DA:503,0
DA:508,0
DA:509,0
DA:514,0
DA:520,0
DA:521,0
DA:528,0
DA:534,0
DA:535,0
DA:542,0
DA:547,0
DA:548,0
DA:549,0
DA:550,0
DA:554,0
DA:555,0
DA:557,0
DA:562,0
DA:569,0
DA:570,0
DA:571,0
DA:572,0
DA:574,0
DA:575,0
DA:576,0
DA:577,0
DA:578,0
DA:579,0
DA:580,0
DA:583,0
DA:584,0
DA:585,0
DA:588,0
DA:595,0
DA:596,0
DA:597,0
DA:598,0
DA:600,0
DA:601,0
DA:602,0
DA:603,0
DA:604,0
DA:607,0
DA:608,0
DA:609,0
DA:612,0
DA:613,0
DA:614,0
DA:616,0
DA:617,0
DA:618,0
DA:619,0
DA:622,0
DA:623,0
DA:624,0
DA:626,0
DA:627,0
DA:628,0
DA:630,0
DA:631,0
DA:632,0
DA:633,0
DA:641,0
DA:644,0
DA:652,0
DA:653,0
DA:655,0
DA:660,0
DA:661,0
DA:663,0
DA:665,0
DA:666,0
DA:667,0
DA:668,0
DA:669,0
DA:672,0
DA:673,0
DA:674,0
DA:675,0
DA:676,0
DA:677,0
DA:678,0
DA:682,0
DA:683,0
DA:684,0
DA:686,0
DA:690,0
DA:691,0
DA:692,0
DA:693,0
DA:695,0
DA:696,0
DA:697,0
DA:698,0
DA:699,0
DA:702,0
DA:703,0
DA:706,0
DA:707,0
DA:708,0
LF:208
LH:0
end_of_record
SF:lib\account_creation\auth_forgot_password\auth_forgot_password_model.dart
DA:15,0
DA:17,0
DA:21,0
DA:27,0
DA:29,0
DA:32,0
DA:34,0
DA:35,0
LF:8
LH:0
end_of_record
SF:lib\flutter_flow\flutter_flow_util.dart
DA:37,0
DA:38,0
DA:40,0
DA:41,0
DA:42,0
DA:45,0
DA:49,0
DA:50,0
DA:51,0
DA:53,0
DA:56,0
DA:69,0
DA:71,0
DA:72,0
DA:73,0
DA:75,0
DA:78,0
DA:85,0
DA:86,0
DA:92,0
DA:93,0
DA:94,0
DA:97,0
DA:98,0
DA:102,0
DA:105,0
DA:106,0
DA:107,0
DA:110,0
DA:111,0
DA:112,0
DA:114,0
DA:115,0
DA:116,0
DA:121,0
DA:125,0
DA:140,0
DA:153,0
DA:154,0
DA:155,0
DA:156,0
DA:159,0
DA:160,0
DA:161,0
DA:164,0
DA:165,0
DA:166,0
DA:168,0
DA:169,0
DA:170,0
DA:175,0
DA:179,0
DA:180,0
DA:183,0
DA:186,0
DA:187,0
DA:190,0
DA:191,0
DA:201,0
DA:202,0
DA:204,0
DA:206,0
DA:210,0
DA:212,0
DA:232,0
DA:246,0
DA:248,0
DA:249,0
DA:251,0
DA:253,0
DA:255,0
DA:258,0
DA:260,0
DA:262,0
DA:267,0
DA:268,0
DA:270,0
DA:271,0
DA:273,0
DA:276,0
DA:277,0
DA:279,0
DA:280,0
DA:282,0
DA:283,0
DA:285,0
DA:288,0
DA:289,0
DA:293,0
DA:295,0
DA:296,0
DA:302,0
DA:303,0
DA:304,0
DA:308,0
DA:312,0
DA:313,0
DA:314,0
DA:315,0
DA:318,0
DA:323,0
DA:325,0
DA:326,0
DA:329,0
DA:330,0
DA:339,0
DA:344,0
DA:345,0
DA:348,0
DA:349,0
DA:351,0
DA:353,0
DA:354,0
DA:355,0
DA:360,0
DA:362,0
DA:363,0
DA:369,0
DA:370,0
DA:371,0
DA:376,0
DA:377,0
DA:378,0
DA:385,0
DA:386,0
DA:388,0
DA:390,0
DA:405,0
DA:410,0
DA:415,0
DA:416,0
DA:421,0
DA:422,0
DA:424,0
DA:427,0
DA:428,0
DA:429,0
DA:430,0
DA:431,0
DA:435,0
DA:436,0
DA:440,0
DA:441,0
DA:442,0
DA:447,0
DA:448,0
DA:452,0
DA:454,0
DA:455,0
DA:457,0
DA:462,0
DA:463,0
DA:464,0
DA:465,0
DA:466,0
DA:470,0
DA:473,0
DA:477,0
DA:481,0
DA:485,0
DA:490,0
DA:496,0
DA:497,0
DA:498,0
DA:499,0
DA:500,0
DA:502,0
DA:503,0
DA:504,0
DA:512,0
DA:515,0
DA:521,0
DA:522,0
DA:523,0
DA:526,0
DA:528,0
DA:530,0
DA:531,0
DA:532,0
DA:533,0
DA:534,0
DA:535,0
DA:541,0
DA:545,0
DA:546,0
DA:547,0
DA:548,0
DA:553,0
DA:554,0
DA:555,0
DA:559,0
DA:561,0
DA:562,0
DA:563,0
DA:564,0
DA:565,0
DA:566,0
DA:567,0
DA:569,0
DA:571,0
DA:572,0
DA:574,0
DA:575,0
DA:577,0
DA:578,0
DA:579,0
DA:584,0
DA:585,0
DA:587,0
DA:593,0
DA:598,0
DA:602,0
DA:613,0
DA:614,0
DA:617,0
DA:618,0
DA:620,0
DA:621,0
DA:630,0
DA:633,0
DA:634,0
DA:635,0
DA:638,0
DA:639,0
DA:640,0
DA:642,0
DA:643,0
DA:644,0
DA:646,0
DA:647,0
DA:651,0
DA:654,0
DA:655,0
DA:656,0
DA:658,0
DA:660,0
DA:661,0
DA:662,0
DA:665,0
DA:667,0
DA:671,0
DA:673,0
DA:674,0
DA:675,0
DA:676,0
DA:683,0
DA:684,0
DA:686,0
DA:692,0
DA:694,0
LF:250
LH:0
end_of_record
SF:lib\account_creation\auth_forgot_password\auth_forgot_password_widget.dart
DA:12,0
DA:17,0
DA:19,0
DA:27,0
DA:29,0
DA:30,0
DA:32,0
DA:33,0
DA:36,0
DA:38,0
DA:40,0
DA:43,0
DA:45,0
DA:46,0
DA:47,0
DA:48,0
DA:50,0
DA:51,0
DA:52,0
DA:53,0
DA:55,0
DA:57,0
DA:58,0
DA:59,0
DA:60,0
DA:61,0
DA:64,0
DA:65,0
DA:66,0
DA:67,0
DA:69,0
DA:70,0
DA:74,0
DA:76,0
DA:79,0
DA:80,0
DA:83,0
DA:86,0
DA:87,0
DA:89,0
DA:91,0
DA:92,0
DA:93,0
DA:94,0
DA:97,0
DA:98,0
DA:100,0
DA:101,0
DA:102,0
DA:103,0
DA:105,0
DA:109,0
DA:110,0
DA:111,0
DA:113,0
DA:116,0
DA:117,0
DA:118,0
DA:120,0
DA:121,0
DA:124,0
DA:125,0
DA:129,0
DA:130,0
DA:132,0
DA:135,0
DA:136,0
DA:137,0
DA:139,0
DA:140,0
DA:143,0
DA:144,0
DA:148,0
DA:149,0
DA:151,0
DA:153,0
DA:155,0
DA:156,0
DA:158,0
DA:160,0
DA:162,0
DA:163,0
DA:164,0
DA:166,0
DA:167,0
DA:170,0
DA:171,0
DA:173,0
DA:174,0
DA:175,0
DA:179,0
DA:181,0
DA:182,0
DA:183,0
DA:184,0
DA:188,0
DA:190,0
DA:191,0
DA:192,0
DA:193,0
DA:197,0
DA:199,0
DA:200,0
DA:201,0
DA:202,0
DA:206,0
DA:209,0
DA:210,0
DA:212,0
DA:213,0
DA:214,0
DA:216,0
DA:217,0
DA:220,0
DA:221,0
DA:225,0
DA:226,0
DA:227,0
DA:228,0
DA:232,0
DA:233,0
DA:235,0
DA:236,0
DA:237,0
DA:238,0
DA:239,0
DA:242,0
DA:243,0
DA:244,0
DA:245,0
DA:246,0
DA:247,0
DA:254,0
DA:255,0
DA:256,0
DA:260,0
DA:264,0
DA:267,0
DA:270,0
DA:273,0
DA:274,0
DA:275,0
DA:276,0
DA:278,0
DA:279,0
DA:280,0
DA:281,0
DA:284,0
DA:285,0
DA:288,0
DA:292,0
LF:151
LH:0
end_of_record
SF:lib\flutter_flow\flutter_flow_model.dart
DA:6,0
DA:13,0
DA:20,0
DA:22,0
DA:28,0
DA:32,0
DA:33,0
DA:41,0
DA:42,0
DA:43,0
DA:44,0
DA:46,0
DA:47,0
DA:53,0
DA:54,0
DA:55,0
DA:60,0
DA:68,0
DA:69,0
DA:70,0
DA:73,0
DA:80,0
DA:81,0
DA:86,0
DA:87,0
DA:89,0
DA:90,0
DA:91,0
DA:96,0
DA:103,0
DA:104,0
DA:105,0
DA:106,0
DA:109,0
DA:110,0
DA:112,0
DA:113,0
DA:117,0
DA:118,0
DA:121,0
DA:123,0
DA:124,0
DA:127,0
DA:128,0
DA:129,0
DA:132,0
DA:134,0
DA:135,0
DA:136,0
DA:137,0
DA:143,0
DA:144,0
DA:145,0
DA:146,0
DA:147,0
DA:150,0
DA:151,0
DA:157,0
DA:159,0
DA:161,0
DA:163,0
DA:165,0
DA:173,0
DA:174,0
LF:64
LH:0
end_of_record
SF:lib\auth\firebase_auth\auth_util.dart
DA:12,0
DA:13,0
DA:15,0
DA:16,0
DA:18,0
DA:20,0
DA:21,0
DA:23,0
DA:24,0
DA:26,0
DA:27,0
DA:29,0
DA:31,0
DA:36,0
DA:37,0
DA:38,0
DA:39,0
DA:41,0
DA:42,0
DA:45,0
DA:46,0
DA:47,0
DA:48,0
DA:49,0
DA:50,0
DA:51,0
DA:52,0
DA:54,0
DA:58,0
DA:61,0
DA:65,0
DA:66,0
DA:67,0
DA:68,0
LF:34
LH:0
end_of_record
SF:lib\flutter_flow\flutter_flow_icon_button.dart
DA:5,0
DA:40,0
DA:41,0
DA:50,0
DA:52,0
DA:53,0
DA:56,0
DA:58,0
DA:59,0
DA:62,0
DA:63,0
DA:65,0
DA:66,0
DA:67,0
DA:68,0
DA:70,0
DA:71,0
DA:73,0
DA:74,0
DA:75,0
DA:76,0
DA:78,0
DA:79,0
DA:83,0
DA:85,0
DA:86,0
DA:87,0
DA:88,0
DA:89,0
DA:90,0
DA:91,0
DA:92,0
DA:93,0
DA:95,0
DA:99,0
DA:100,0
DA:101,0
DA:103,0
DA:104,0
DA:107,0
DA:108,0
DA:109,0
DA:110,0
DA:111,0
DA:116,0
DA:117,0
DA:118,0
DA:119,0
DA:120,0
DA:122,0
DA:123,0
DA:124,0
DA:126,0
DA:129,0
DA:130,0
DA:131,0
DA:132,0
DA:133,0
DA:135,0
DA:136,0
DA:137,0
DA:140,0
DA:143,0
DA:144,0
DA:147,0
DA:151,0
DA:152,0
DA:153,0
DA:154,0
DA:155,0
DA:156,0
DA:159,0
DA:160,0
DA:161,0
DA:162,0
DA:163,0
DA:164,0
DA:165,0
DA:166,0
DA:167,0
DA:168,0
DA:172,0
DA:173,0
DA:175,0
DA:176,0
DA:179,0
DA:181,0
DA:183,0
DA:184,0
DA:188,0
LF:90
LH:0
end_of_record
SF:lib\flutter_flow\flutter_flow_theme.dart
DA:19,0
DA:21,0
DA:22,0
DA:28,0
DA:29,0
DA:33,0
DA:34,0
DA:36,0
DA:37,0
DA:38,0
DA:41,0
DA:42,0
DA:43,0
DA:44,0
DA:45,0
DA:46,0
DA:65,0
DA:66,0
DA:67,0
DA:68,0
DA:69,0
DA:70,0
DA:71,0
DA:72,0
DA:73,0
DA:74,0
DA:75,0
DA:76,0
DA:77,0
DA:78,0
DA:79,0
DA:80,0
DA:81,0
DA:82,0
DA:83,0
DA:84,0
DA:85,0
DA:86,0
DA:87,0
DA:88,0
DA:89,0
DA:90,0
DA:91,0
DA:92,0
DA:94,0
DA:95,0
DA:96,0
DA:97,0
DA:98,0
DA:99,0
DA:100,0
DA:101,0
DA:102,0
DA:103,0
DA:104,0
DA:105,0
DA:106,0
DA:107,0
DA:108,0
DA:109,0
DA:110,0
DA:111,0
DA:112,0
DA:113,0
DA:114,0
DA:115,0
DA:116,0
DA:117,0
DA:118,0
DA:119,0
DA:120,0
DA:121,0
DA:122,0
DA:123,0
DA:124,0
DA:125,0
DA:126,0
DA:127,0
DA:128,0
DA:129,0
DA:130,0
DA:131,0
DA:132,0
DA:133,0
DA:134,0
DA:135,0
DA:136,0
DA:137,0
DA:138,0
DA:140,0
DA:141,0
DA:142,0
DA:143,0
DA:144,0
DA:147,0
DA:148,0
DA:149,0
DA:151,0
DA:159,0
DA:160,0
DA:161,0
DA:162,0
DA:163,0
DA:164,0
DA:233,0
DA:237,0
DA:238,0
DA:239,0
DA:240,0
DA:244,0
DA:245,0
DA:246,0
DA:247,0
DA:251,0
DA:252,0
DA:253,0
DA:254,0
DA:258,0
DA:259,0
DA:260,0
DA:261,0
DA:265,0
DA:266,0
DA:267,0
DA:268,0
DA:272,0
DA:273,0
DA:274,0
DA:275,0
DA:279,0
DA:280,0
DA:281,0
DA:282,0
DA:286,0
DA:287,0
DA:288,0
DA:289,0
DA:293,0
DA:294,0
DA:295,0
DA:296,0
DA:300,0
DA:301,0
DA:302,0
DA:303,0
DA:307,0
DA:308,0
DA:309,0
DA:310,0
DA:314,0
DA:315,0
DA:316,0
DA:317,0
DA:321,0
DA:322,0
DA:323,0
DA:324,0
DA:328,0
DA:329,0
DA:330,0
DA:331,0
DA:335,0
DA:336,0
DA:337,0
DA:338,0
DA:345,0
DA:349,0
DA:350,0
DA:351,0
DA:352,0
DA:356,0
DA:357,0
DA:358,0
DA:359,0
DA:363,0
DA:364,0
DA:365,0
DA:366,0
DA:370,0
DA:371,0
DA:372,0
DA:373,0
DA:377,0
DA:378,0
DA:379,0
DA:380,0
DA:384,0
DA:385,0
DA:386,0
DA:387,0
DA:391,0
DA:392,0
DA:393,0
DA:394,0
DA:398,0
DA:399,0
DA:400,0
DA:401,0
DA:405,0
DA:406,0
DA:407,0
DA:408,0
DA:412,0
DA:413,0
DA:414,0
DA:415,0
DA:419,0
DA:420,0
DA:421,0
DA:422,0
DA:426,0
DA:427,0
DA:428,0
DA:429,0
DA:433,0
DA:434,0
DA:435,0
DA:436,0
DA:440,0
DA:441,0
DA:442,0
DA:443,0
DA:447,0
DA:448,0
DA:449,0
DA:450,0
DA:457,0
DA:461,0
DA:462,0
DA:463,0
DA:464,0
DA:468,0
DA:469,0
DA:470,0
DA:471,0
DA:475,0
DA:476,0
DA:477,0
DA:478,0
DA:482,0
DA:483,0
DA:484,0
DA:485,0
DA:489,0
DA:490,0
DA:491,0
DA:492,0
DA:496,0
DA:497,0
DA:498,0
DA:499,0
DA:503,0
DA:504,0
DA:505,0
DA:506,0
DA:510,0
DA:511,0
DA:512,0
DA:513,0
DA:517,0
DA:518,0
DA:519,0
DA:520,0
DA:524,0
DA:525,0
DA:526,0
DA:527,0
DA:531,0
DA:532,0
DA:533,0
DA:534,0
DA:538,0
DA:539,0
DA:540,0
DA:541,0
DA:545,0
DA:546,0
DA:547,0
DA:548,0
DA:552,0
DA:553,0
DA:554,0
DA:555,0
DA:559,0
DA:560,0
DA:561,0
DA:562,0
DA:569,0
DA:584,0
DA:585,0
DA:586,0
DA:590,0
DA:591,0
DA:592,0
DA:593,0
DA:594,0
DA:595,0
DA:600,0
LF:298
LH:0
end_of_record
SF:lib\flutter_flow\flutter_flow_widgets.dart
DA:6,0
DA:54,0
DA:73,0
DA:74,0
DA:81,0
DA:83,0
DA:84,0
DA:85,0
DA:87,0
DA:89,0
DA:90,0
DA:93,0
DA:95,0
DA:96,0
DA:99,0
DA:101,0
DA:102,0
DA:103,0
DA:104,0
DA:106,0
DA:107,0
DA:110,0
DA:111,0
DA:112,0
DA:118,0
DA:119,0
DA:121,0
DA:122,0
DA:123,0
DA:127,0
DA:128,0
DA:129,0
DA:130,0
DA:133,0
DA:135,0
DA:137,0
DA:138,0
DA:142,0
DA:145,0
DA:146,0
DA:147,0
DA:148,0
DA:149,0
DA:151,0
DA:152,0
DA:155,0
DA:156,0
DA:157,0
DA:160,0
DA:161,0
DA:162,0
DA:163,0
DA:165,0
DA:166,0
DA:167,0
DA:169,0
DA:171,0
DA:172,0
DA:173,0
DA:174,0
DA:176,0
DA:177,0
DA:178,0
DA:180,0
DA:182,0
DA:183,0
DA:184,0
DA:186,0
DA:188,0
DA:189,0
DA:192,0
DA:193,0
DA:194,0
DA:195,0
DA:197,0
DA:199,0
DA:200,0
DA:201,0
DA:202,0
DA:204,0
DA:205,0
DA:206,0
DA:208,0
DA:212,0
DA:213,0
DA:214,0
DA:215,0
DA:216,0
DA:217,0
DA:220,0
DA:221,0
DA:222,0
DA:223,0
DA:224,0
DA:225,0
DA:226,0
DA:229,0
DA:231,0
DA:233,0
DA:234,0
DA:239,0
DA:243,0
DA:244,0
DA:245,0
DA:246,0
DA:247,0
DA:248,0
DA:254,0
DA:255,0
DA:260,0
DA:261,0
DA:262,0
DA:263,0
DA:266,0
DA:274,0
DA:275,0
DA:277,0
DA:278,0
DA:279,0
DA:280,0
DA:281,0
DA:282,0
DA:283,0
DA:284,0
DA:285,0
DA:286,0
DA:287,0
DA:288,0
DA:289,0
DA:290,0
DA:291,0
DA:292,0
DA:293,0
DA:294,0
DA:295,0
DA:296,0
DA:297,0
DA:301,0
DA:306,0
DA:308,0
DA:309,0
DA:312,0
DA:313,0
DA:314,0
DA:327,0
DA:338,0
DA:342,0
DA:343,0
DA:350,0
DA:352,0
DA:353,0
DA:354,0
DA:357,0
DA:359,0
DA:360,0
DA:361,0
DA:364,0
DA:365,0
DA:366,0
DA:367,0
DA:372,0
DA:374,0
DA:375,0
DA:376,0
DA:379,0
DA:381,0
DA:384,0
DA:388,0
DA:389,0
DA:390,0
DA:391,0
DA:392,0
DA:396,0
DA:399,0
DA:401,0
DA:402,0
DA:403,0
DA:404,0
LF:178
LH:0
end_of_record
SF:lib\account_creation\auth_login\auth_login_model.dart
DA:14,0
DA:15,0
DA:27,0
DA:29,0
DA:33,0
DA:44,0
DA:45,0
DA:52,0
DA:54,0
DA:55,0
DA:56,0
DA:57,0
DA:60,0
DA:62,0
DA:63,0
DA:64,0
DA:66,0
DA:67,0
DA:71,0
DA:72,0
DA:73,0
DA:74,0
DA:75,0
DA:76,0
DA:77,0
DA:78,0
DA:79,0
DA:80,0
DA:82,0
DA:83,0
DA:88,0
LF:31
LH:0
end_of_record
SF:lib\agent\components\app_logo\app_logo_widget.dart
DA:14,0
DA:25,0
DA:26,0
DA:32,0
DA:34,0
DA:35,0
DA:38,0
DA:40,0
DA:41,0
DA:44,0
DA:45,0
DA:46,0
DA:47,0
DA:49,0
DA:52,0
DA:53,0
DA:54,0
DA:56,0
DA:59,0
DA:60,0
DA:61,0
DA:63,0
DA:64,0
DA:66,0
DA:69,0
DA:70,0
DA:71,0
DA:76,0
DA:78,0
DA:80,0
DA:83,0
DA:85,0
DA:88,0
DA:89,0
DA:90,0
DA:95,0
DA:96,0
DA:98,0
DA:102,0
DA:105,0
DA:106,0
DA:107,0
DA:114,0
DA:115,0
DA:116,0
DA:117,0
DA:118,0
DA:119,0
DA:121,0
DA:124,0
DA:125,0
DA:126,0
DA:127,0
DA:128,0
DA:129,0
DA:130,0
DA:136,0
DA:137,0
DA:138,0
DA:139,0
DA:140,0
DA:141,0
DA:142,0
DA:143,0
DA:144,0
DA:145,0
DA:146,0
DA:147,0
DA:149,0
DA:150,0
DA:162,0
DA:163,0
DA:165,0
DA:166,0
DA:167,0
DA:168,0
DA:169,0
DA:171,0
DA:172,0
DA:173,0
DA:174,0
DA:175,0
DA:177,0
DA:178,0
DA:179,0
DA:180,0
DA:181,0
DA:184,0
DA:185,0
DA:189,0
DA:190,0
DA:191,0
DA:192,0
DA:193,0
DA:194,0
DA:195,0
DA:206,0
DA:207,0
DA:208,0
DA:209,0
DA:210,0
DA:212,0
DA:213,0
DA:214,0
DA:215,0
DA:216,0
DA:218,0
DA:219,0
DA:220,0
DA:221,0
DA:222,0
DA:225,0
DA:226,0
DA:230,0
DA:231,0
DA:232,0
DA:233,0
DA:234,0
DA:235,0
DA:236,0
DA:252,0
LF:121
LH:0
end_of_record
SF:lib\backend\api_requests\api_calls.dart
DA:16,0
DA:18,0
DA:19,0
DA:20,0
DA:21,0
DA:22,0
DA:23,0
DA:24,0
DA:25,0
DA:26,0
DA:27,0
DA:28,0
DA:29,0
DA:30,0
DA:31,0
DA:32,0
DA:33,0
DA:34,0
DA:35,0
DA:36,0
DA:37,0
DA:41,0
DA:45,0
DA:47,0
DA:49,0
DA:51,0
DA:52,0
DA:54,0
DA:66,0
DA:71,0
DA:75,0
DA:79,0
DA:84,0
DA:85,0
DA:86,0
DA:87,0
DA:88,0
DA:92,0
DA:96,0
DA:100,0
DA:101,0
DA:105,0
DA:109,0
DA:113,0
DA:117,0
DA:121,0
DA:125,0
DA:129,0
DA:133,0
DA:137,0
DA:141,0
DA:145,0
DA:149,0
DA:153,0
DA:157,0
DA:161,0
DA:165,0
DA:169,0
DA:174,0
DA:178,0
DA:185,0
DA:194,0
DA:196,0
DA:198,0
DA:200,0
DA:201,0
DA:203,0
DA:220,0
DA:225,0
DA:226,0
DA:227,0
DA:228,0
DA:229,0
DA:234,0
DA:235,0
DA:236,0
DA:237,0
DA:241,0
DA:248,0
DA:250,0
DA:252,0
DA:254,0
DA:255,0
DA:257,0
DA:274,0
DA:279,0
DA:281,0
DA:283,0
DA:285,0
DA:287,0
DA:288,0
DA:290,0
DA:304,0
DA:307,0
DA:309,0
DA:311,0
DA:313,0
DA:314,0
DA:327,0
DA:331,0
DA:336,0
DA:337,0
DA:339,0
DA:341,0
DA:342,0
DA:345,0
DA:359,0
DA:366,0
DA:368,0
DA:370,0
DA:372,0
DA:373,0
DA:375,0
DA:392,0
DA:395,0
DA:397,0
DA:399,0
DA:401,0
DA:402,0
DA:415,0
DA:418,0
DA:420,0
DA:422,0
DA:424,0
DA:425,0
DA:438,0
DA:441,0
DA:443,0
DA:445,0
DA:447,0
DA:448,0
DA:464,0
DA:466,0
DA:468,0
DA:469,0
DA:470,0
DA:471,0
DA:473,0
DA:474,0
DA:476,0
DA:477,0
DA:479,0
DA:480,0
DA:484,0
DA:489,0
DA:491,0
DA:494,0
DA:496,0
DA:497,0
DA:513,0
DA:516,0
DA:518,0
DA:520,0
DA:522,0
DA:523,0
DA:536,0
DA:539,0
DA:541,0
DA:544,0
DA:546,0
DA:547,0
DA:560,0
DA:563,0
DA:565,0
DA:568,0
DA:570,0
DA:571,0
DA:583,0
DA:588,0
DA:590,0
DA:593,0
DA:595,0
DA:596,0
DA:616,0
DA:618,0
DA:619,0
DA:620,0
DA:621,0
DA:622,0
DA:623,0
DA:624,0
DA:625,0
DA:626,0
DA:627,0
DA:628,0
DA:632,0
DA:635,0
DA:637,0
DA:639,0
DA:641,0
DA:642,0
DA:654,0
DA:659,0
DA:660,0
DA:661,0
DA:662,0
DA:663,0
DA:668,0
DA:669,0
DA:670,0
DA:671,0
DA:672,0
DA:676,0
DA:681,0
DA:682,0
DA:683,0
DA:684,0
DA:685,0
DA:690,0
DA:691,0
DA:692,0
DA:693,0
DA:694,0
DA:699,0
DA:700,0
DA:701,0
DA:702,0
DA:703,0
DA:708,0
DA:709,0
DA:710,0
DA:711,0
DA:712,0
DA:717,0
DA:718,0
DA:719,0
DA:720,0
DA:721,0
DA:726,0
DA:727,0
DA:728,0
DA:729,0
DA:733,0
DA:739,0
DA:748,0
DA:749,0
DA:751,0
DA:753,0
DA:754,0
DA:768,0
DA:774,0
DA:783,0
DA:784,0
DA:786,0
DA:788,0
DA:789,0
DA:803,0
DA:808,0
DA:810,0
DA:812,0
DA:814,0
DA:815,0
DA:830,0
DA:834,0
DA:836,0
DA:838,0
DA:840,0
DA:841,0
DA:860,0
DA:862,0
DA:863,0
DA:864,0
DA:865,0
DA:866,0
DA:870,0
DA:873,0
DA:875,0
DA:877,0
DA:879,0
DA:881,0
DA:882,0
DA:896,0
DA:899,0
DA:901,0
DA:903,0
DA:905,0
DA:907,0
DA:908,0
DA:922,0
DA:925,0
DA:927,0
DA:929,0
DA:931,0
DA:932,0
DA:934,0
DA:948,0
DA:951,0
DA:953,0
DA:955,0
DA:957,0
DA:958,0
DA:976,0
DA:978,0
DA:979,0
DA:980,0
DA:981,0
DA:982,0
DA:986,0
DA:990,0
DA:992,0
DA:994,0
DA:996,0
DA:999,0
DA:1011,0
DA:1016,0
DA:1017,0
DA:1018,0
DA:1019,0
DA:1020,0
DA:1028,0
DA:1034,0
DA:1036,0
DA:1045,0
DA:1046,0
DA:1048,0
DA:1050,0
DA:1053,0
DA:1067,0
DA:1070,0
DA:1072,0
DA:1074,0
DA:1076,0
DA:1077,0
DA:1090,0
DA:1093,0
DA:1095,0
DA:1097,0
DA:1099,0
DA:1100,0
DA:1116,0
DA:1118,0
DA:1119,0
DA:1120,0
DA:1121,0
DA:1122,0
DA:1123,0
DA:1127,0
DA:1130,0
DA:1132,0
DA:1134,0
DA:1136,0
DA:1139,0
DA:1153,0
DA:1181,0
DA:1213,0
DA:1214,0
DA:1216,0
DA:1218,0
DA:1221,0
DA:1233,0
DA:1240,0
DA:1244,0
DA:1246,0
DA:1248,0
DA:1250,0
DA:1251,0
DA:1270,0
DA:1272,0
DA:1273,0
DA:1274,0
DA:1275,0
DA:1277,0
DA:1278,0
DA:1280,0
DA:1281,0
DA:1283,0
DA:1284,0
DA:1286,0
DA:1287,0
DA:1291,0
DA:1307,0
DA:1309,0
DA:1311,0
DA:1313,0
DA:1314,0
DA:1316,0
DA:1342,0
DA:1346,0
DA:1418,0
DA:1420,0
DA:1422,0
DA:1423,0
DA:1425,0
DA:1437,0
DA:1441,0
DA:1445,0
DA:1452,0
DA:1468,0
DA:1470,0
DA:1473,0
DA:1475,0
DA:1476,0
DA:1478,0
DA:1504,0
DA:1508,0
DA:1510,0
DA:1513,0
DA:1515,0
DA:1516,0
DA:1518,0
DA:1531,0
DA:1547,0
DA:1549,0
DA:1552,0
DA:1554,0
DA:1555,0
DA:1557,0
DA:1583,0
DA:1587,0
DA:1589,0
DA:1592,0
DA:1594,0
DA:1595,0
DA:1597,0
DA:1614,0
DA:1616,0
DA:1617,0
DA:1618,0
DA:1619,0
DA:1620,0
DA:1621,0
DA:1623,0
DA:1624,0
DA:1626,0
DA:1627,0
DA:1629,0
DA:1630,0
DA:1632,0
DA:1633,0
DA:1635,0
DA:1636,0
DA:1638,0
DA:1639,0
DA:1641,0
DA:1642,0
DA:1644,0
DA:1645,0
DA:1647,0
DA:1648,0
DA:1650,0
DA:1651,0
DA:1653,0
DA:1654,0
DA:1656,0
DA:1657,0
DA:1659,0
DA:1660,0
DA:1662,0
DA:1663,0
DA:1665,0
DA:1666,0
DA:1670,0
DA:1673,0
DA:1675,0
DA:1677,0
DA:1679,0
DA:1680,0
DA:1692,0
DA:1695,0
DA:1697,0
DA:1699,0
DA:1701,0
DA:1702,0
DA:1704,0
DA:1714,0
DA:1719,0
DA:1720,0
DA:1721,0
DA:1722,0
DA:1726,0
DA:1736,0
DA:1740,0
DA:1741,0
DA:1742,0
DA:1743,0
DA:1744,0
DA:1745,0
DA:1746,0
DA:1747,0
DA:1748,0
DA:1749,0
DA:1751,0
DA:1753,0
DA:1754,0
DA:1756,0
DA:1770,0
DA:1774,0
DA:1776,0
DA:1779,0
DA:1781,0
DA:1782,0
DA:1784,0
DA:1797,0
DA:1800,0
DA:1802,0
DA:1805,0
DA:1807,0
DA:1808,0
DA:1820,0
DA:1824,0
DA:1826,0
DA:1829,0
DA:1831,0
DA:1832,0
DA:1844,0
DA:1847,0
DA:1849,0
DA:1852,0
DA:1854,0
DA:1855,0
DA:1857,0
DA:1869,0
DA:1873,0
DA:1875,0
DA:1878,0
DA:1880,0
DA:1881,0
DA:1883,0
DA:1896,0
DA:1900,0
DA:1902,0
DA:1905,0
DA:1907,0
DA:1908,0
DA:1910,0
DA:1923,0
DA:1926,0
DA:1928,0
DA:1931,0
DA:1933,0
DA:1934,0
DA:1946,0
DA:1950,0
DA:1952,0
DA:1955,0
DA:1957,0
DA:1958,0
DA:1970,0
DA:1975,0
DA:1977,0
DA:1980,0
DA:1982,0
DA:1983,0
DA:1995,0
DA:1998,0
DA:2000,0
DA:2003,0
DA:2005,0
DA:2006,0
DA:2008,0
DA:2020,0
DA:2024,0
DA:2026,0
DA:2029,0
DA:2031,0
DA:2032,0
DA:2034,0
DA:2047,0
DA:2051,0
DA:2053,0
DA:2056,0
DA:2058,0
DA:2059,0
DA:2061,0
DA:2074,0
DA:2077,0
DA:2079,0
DA:2082,0
DA:2084,0
DA:2085,0
DA:2097,0
DA:2101,0
DA:2103,0
DA:2106,0
DA:2108,0
DA:2109,0
DA:2121,0
DA:2126,0
DA:2128,0
DA:2131,0
DA:2133,0
DA:2134,0
DA:2150,0
DA:2151,0
DA:2155,0
DA:2156,0
DA:2157,0
DA:2158,0
DA:2159,0
DA:2160,0
DA:2161,0
DA:2162,0
DA:2163,0
DA:2164,0
DA:2165,0
DA:2166,0
DA:2167,0
DA:2168,0
DA:2169,0
DA:2170,0
DA:2171,0
DA:2172,0
DA:2173,0
DA:2174,0
DA:2175,0
DA:2176,0
DA:2177,0
DA:2181,0
DA:2190,0
DA:2192,0
DA:2194,0
DA:2196,0
DA:2200,0
DA:2212,0
DA:2216,0
DA:2218,0
DA:2220,0
DA:2222,0
DA:2224,0
DA:2228,0
DA:2240,0
DA:2244,0
DA:2255,0
DA:2257,0
DA:2259,0
DA:2261,0
DA:2265,0
DA:2279,0
DA:2283,0
DA:2285,0
DA:2287,0
DA:2289,0
DA:2291,0
DA:2295,0
DA:2307,0
DA:2317,0
DA:2319,0
DA:2321,0
DA:2323,0
DA:2325,0
DA:2329,0
DA:2349,0
DA:2381,0
DA:2387,0
DA:2391,0
DA:2395,0
DA:2406,0
DA:2428,0
DA:2441,0
DA:2445,0
DA:2456,0
DA:2467,0
DA:2484,0
DA:2495,0
DA:2506,0
DA:2517,0
DA:2528,0
DA:2539,0
DA:2550,0
DA:2561,0
DA:2572,0
DA:2583,0
DA:2594,0
DA:2605,0
DA:2660,0
DA:2671,0
DA:2683,0
DA:2684,0
DA:2686,0
DA:2688,0
DA:2692,0
DA:2704,0
DA:2709,0
DA:2710,0
DA:2711,0
DA:2712,0
DA:2716,0
DA:2720,0
DA:2722,0
DA:2724,0
DA:2726,0
DA:2728,0
DA:2732,0
DA:2744,0
DA:2748,0
DA:2750,0
DA:2752,0
DA:2754,0
DA:2756,0
DA:2760,0
DA:2772,0
DA:2775,0
DA:2787,0
DA:2789,0
DA:2791,0
DA:2793,0
DA:2797,0
DA:2811,0
DA:2815,0
DA:2817,0
DA:2819,0
DA:2821,0
DA:2823,0
DA:2827,0
DA:2839,0
DA:2843,0
DA:2871,0
DA:2873,0
DA:2875,0
DA:2877,0
DA:2881,0
DA:2895,0
DA:2906,0
DA:2908,0
DA:2910,0
DA:2912,0
DA:2914,0
DA:2918,0
DA:2939,0
DA:2943,0
DA:2959,0
DA:2961,0
DA:2963,0
DA:2965,0
DA:2969,0
DA:2983,0
DA:2987,0
DA:2995,0
DA:2997,0
DA:2999,0
DA:3001,0
DA:3005,0
DA:3019,0
DA:3022,0
DA:3040,0
DA:3042,0
DA:3044,0
DA:3046,0
DA:3050,0
DA:3064,0
DA:3067,0
DA:3110,0
DA:3112,0
DA:3114,0
DA:3116,0
DA:3120,0
DA:3134,0
DA:3137,0
DA:3182,0
DA:3184,0
DA:3186,0
DA:3188,0
DA:3192,0
DA:3206,0
DA:3209,0
DA:3220,0
DA:3222,0
DA:3224,0
DA:3226,0
DA:3230,0
DA:3248,0
DA:3250,0
DA:3251,0
DA:3252,0
DA:3253,0
DA:3254,0
DA:3255,0
DA:3259,0
DA:3260,0
DA:3262,0
DA:3264,0
DA:3266,0
DA:3267,0
DA:3279,0
DA:3282,0
DA:3284,0
DA:3286,0
DA:3288,0
DA:3289,0
DA:3301,0
DA:3305,0
DA:3307,0
DA:3309,0
DA:3311,0
DA:3313,0
DA:3315,0
DA:3317,0
DA:3331,0
DA:3334,0
DA:3336,0
DA:3338,0
DA:3340,0
DA:3341,0
DA:3359,0
DA:3361,0
DA:3362,0
DA:3366,0
DA:3370,0
DA:3372,0
DA:3374,0
DA:3376,0
DA:3378,0
DA:3379,0
DA:3397,0
DA:3399,0
DA:3400,0
DA:3401,0
DA:3405,0
DA:3410,0
DA:3411,0
DA:3413,0
DA:3415,0
DA:3416,0
DA:3417,0
DA:3418,0
DA:3419,0
DA:3421,0
DA:3422,0
DA:3423,0
DA:3425,0
DA:3426,0
DA:3427,0
DA:3431,0
DA:3432,0
DA:3437,0
DA:3438,0
DA:3448,0
DA:3453,0
DA:3454,0
DA:3456,0
DA:3458,0
DA:3459,0
DA:3460,0
DA:3461,0
DA:3462,0
DA:3466,0
DA:3467,0
DA:3472,0
DA:3473,0
DA:3487,0
DA:3489,0
DA:3490,0
DA:3491,0
DA:3492,0
DA:3493,0
DA:3494,0
DA:3495,0
DA:3496,0
DA:3497,0
DA:3498,0
DA:3499,0
DA:3500,0
DA:3501,0
DA:3502,0
DA:3503,0
DA:3507,0
DA:3510,0
DA:3512,0
DA:3514,0
DA:3516,0
DA:3518,0
DA:3519,0
DA:3533,0
DA:3534,0
DA:3536,0
DA:3538,0
DA:3540,0
DA:3543,0
DA:3555,0
DA:3558,0
DA:3560,0
DA:3562,0
DA:3564,0
DA:3567,0
DA:3579,0
DA:3582,0
DA:3584,0
DA:3586,0
DA:3588,0
DA:3591,0
DA:3603,0
DA:3607,0
DA:3609,0
DA:3611,0
DA:3613,0
DA:3615,0
DA:3616,0
DA:3630,0
DA:3634,0
DA:3636,0
DA:3638,0
DA:3640,0
DA:3643,0
DA:3655,0
DA:3658,0
DA:3660,0
DA:3662,0
DA:3664,0
DA:3667,0
DA:3679,0
DA:3683,0
DA:3685,0
DA:3687,0
DA:3689,0
DA:3692,0
DA:3704,0
DA:3707,0
DA:3709,0
DA:3711,0
DA:3713,0
DA:3714,0
DA:3730,0
DA:3734,0
DA:3739,0
DA:3740,0
DA:3742,0
DA:3756,0
DA:3759,0
DA:3763,0
DA:3767,0
DA:3779,0
DA:3786,0
DA:3789,0
DA:3793,0
DA:3797,0
DA:3809,0
DA:3817,0
DA:3823,0
DA:3827,0
DA:3828,0
DA:3844,0
DA:3849,0
DA:3850,0
DA:3851,0
DA:3852,0
DA:3853,0
DA:3861,0
DA:3866,0
DA:3869,0
DA:3871,0
DA:3872,0
DA:3882,0
DA:3887,0
DA:3888,0
DA:3889,0
DA:3890,0
DA:3894,0
DA:3895,0
DA:3900,0
DA:3901,0
DA:3913,0
DA:3916,0
DA:3921,0
DA:3925,0
DA:3937,0
DA:3941,0
DA:3946,0
DA:3947,0
DA:3948,0
DA:3949,0
DA:3953,0
DA:3956,0
DA:3958,0
DA:3962,0
DA:3965,0
DA:3983,0
DA:3989,0
DA:3991,0
DA:3994,0
DA:3995,0
DA:3996,0
DA:4001,0
DA:4002,0
DA:4004,0
DA:4007,0
DA:4013,0
DA:4018,0
DA:4019,0
DA:4020,0
DA:4021,0
LF:980
LH:0
end_of_record
SF:lib\account_creation\auth_login\auth_login_widget.dart
DA:12,0
DA:17,0
DA:18,0
DA:26,0
DA:28,0
DA:29,0
DA:31,0
DA:32,0
DA:34,0
DA:35,0
DA:38,0
DA:40,0
DA:42,0
DA:45,0
DA:47,0
DA:48,0
DA:49,0
DA:50,0
DA:52,0
DA:53,0
DA:54,0
DA:55,0
DA:57,0
DA:58,0
DA:59,0
DA:60,0
DA:61,0
DA:62,0
DA:63,0
DA:65,0
DA:66,0
DA:69,0
DA:70,0
DA:71,0
DA:73,0
DA:74,0
DA:77,0
DA:78,0
DA:79,0
DA:80,0
DA:81,0
DA:83,0
DA:87,0
DA:88,0
DA:89,0
DA:90,0
DA:91,0
DA:93,0
DA:94,0
DA:95,0
DA:96,0
DA:99,0
DA:104,0
DA:107,0
DA:108,0
DA:109,0
DA:110,0
DA:111,0
DA:114,0
DA:115,0
DA:118,0
DA:119,0
DA:121,0
DA:124,0
DA:125,0
DA:126,0
DA:128,0
DA:129,0
DA:132,0
DA:133,0
DA:137,0
DA:138,0
DA:140,0
DA:142,0
DA:144,0
DA:145,0
DA:149,0
DA:151,0
DA:152,0
DA:153,0
DA:155,0
DA:156,0
DA:159,0
DA:160,0
DA:162,0
DA:163,0
DA:164,0
DA:168,0
DA:170,0
DA:171,0
DA:172,0
DA:173,0
DA:177,0
DA:179,0
DA:180,0
DA:181,0
DA:182,0
DA:186,0
DA:188,0
DA:189,0
DA:190,0
DA:191,0
DA:195,0
DA:198,0
DA:199,0
DA:201,0
DA:202,0
DA:203,0
DA:205,0
DA:206,0
DA:209,0
DA:210,0
DA:214,0
DA:215,0
DA:216,0
DA:217,0
DA:221,0
DA:222,0
DA:224,0
DA:226,0
DA:227,0
DA:228,0
DA:230,0
DA:231,0
DA:233,0
DA:234,0
DA:235,0
DA:237,0
DA:238,0
DA:241,0
DA:242,0
DA:244,0
DA:245,0
DA:246,0
DA:250,0
DA:252,0
DA:253,0
DA:254,0
DA:255,0
DA:259,0
DA:261,0
DA:262,0
DA:263,0
DA:264,0
DA:268,0
DA:270,0
DA:271,0
DA:272,0
DA:273,0
DA:277,0
DA:280,0
DA:281,0
DA:282,0
DA:283,0
DA:284,0
DA:285,0
DA:286,0
DA:289,0
DA:290,0
DA:291,0
DA:294,0
DA:295,0
DA:300,0
DA:301,0
DA:302,0
DA:304,0
DA:305,0
DA:308,0
DA:309,0
DA:312,0
DA:313,0
DA:314,0
DA:315,0
DA:321,0
DA:322,0
DA:323,0
DA:324,0
DA:326,0
DA:331,0
DA:332,0
DA:334,0
DA:335,0
DA:340,0
DA:345,0
DA:347,0
DA:348,0
DA:349,0
DA:350,0
DA:352,0
DA:354,0
DA:355,0
DA:357,0
DA:359,0
DA:360,0
DA:362,0
DA:366,0
DA:368,0
DA:372,0
DA:373,0
DA:374,0
DA:376,0
DA:377,0
DA:379,0
DA:380,0
DA:383,0
DA:385,0
DA:392,0
DA:393,0
DA:395,0
DA:396,0
DA:397,0
DA:398,0
DA:399,0
DA:402,0
DA:405,0
DA:407,0
DA:408,0
DA:414,0
DA:416,0
DA:419,0
DA:422,0
DA:425,0
DA:428,0
DA:429,0
DA:430,0
DA:431,0
DA:433,0
DA:434,0
DA:435,0
DA:436,0
DA:439,0
DA:440,0
DA:443,0
DA:447,0
DA:453,0
DA:454,0
DA:455,0
DA:456,0
DA:458,0
DA:463,0
DA:464,0
DA:466,0
DA:467,0
DA:472,0
DA:477,0
DA:479,0
DA:480,0
DA:481,0
DA:482,0
DA:484,0
DA:486,0
DA:488,0
DA:490,0
DA:491,0
DA:493,0
DA:495,0
DA:496,0
DA:498,0
DA:502,0
DA:504,0
DA:508,0
DA:509,0
DA:510,0
DA:512,0
DA:513,0
DA:516,0
DA:518,0
LF:267
LH:0
end_of_record
SF:lib\account_creation\auth_onboard\auth_onboard_model.dart
DA:19,0
DA:20,0
DA:21,0
DA:22,0
DA:25,0
DA:27,0
DA:30,0
DA:32,0
LF:8
LH:0
end_of_record
SF:lib\account_creation\auth_onboard\auth_onboard_widget.dart
DA:18,0
DA:23,0
DA:24,0
DA:35,0
DA:37,0
DA:38,0
DA:41,0
DA:42,0
DA:43,0
DA:47,0
DA:48,0
DA:50,0
DA:51,0
DA:52,0
DA:54,0
DA:55,0
DA:59,0
DA:61,0
DA:62,0
DA:63,0
DA:64,0
DA:66,0
DA:68,0
DA:69,0
DA:70,0
DA:71,0
DA:75,0
DA:77,0
DA:78,0
DA:79,0
DA:81,0
DA:82,0
DA:86,0
DA:88,0
DA:89,0
DA:90,0
DA:91,0
DA:93,0
DA:95,0
DA:96,0
DA:97,0
DA:98,0
DA:102,0
DA:104,0
DA:105,0
DA:106,0
DA:108,0
DA:109,0
DA:113,0
DA:115,0
DA:116,0
DA:117,0
DA:118,0
DA:120,0
DA:122,0
DA:123,0
DA:124,0
DA:125,0
DA:129,0
DA:131,0
DA:132,0
DA:133,0
DA:135,0
DA:136,0
DA:140,0
DA:142,0
DA:143,0
DA:144,0
DA:145,0
DA:147,0
DA:149,0
DA:150,0
DA:151,0
DA:152,0
DA:156,0
DA:158,0
DA:159,0
DA:160,0
DA:162,0
DA:163,0
DA:167,0
DA:169,0
DA:170,0
DA:171,0
DA:172,0
DA:174,0
DA:176,0
DA:177,0
DA:178,0
DA:179,0
DA:183,0
DA:185,0
DA:186,0
DA:187,0
DA:189,0
DA:190,0
DA:194,0
DA:196,0
DA:197,0
DA:198,0
DA:199,0
DA:201,0
DA:203,0
DA:204,0
DA:205,0
DA:206,0
DA:213,0
DA:215,0
DA:217,0
DA:220,0
DA:222,0
DA:224,0
DA:225,0
DA:226,0
DA:227,0
DA:229,0
DA:230,0
DA:231,0
DA:232,0
DA:235,0
DA:236,0
DA:237,0
DA:238,0
DA:239,0
DA:241,0
DA:244,0
DA:245,0
DA:247,0
DA:248,0
DA:251,0
DA:252,0
DA:253,0
DA:254,0
DA:255,0
DA:258,0
DA:261,0
DA:262,0
DA:265,0
DA:266,0
DA:267,0
DA:268,0
DA:270,0
DA:272,0
DA:273,0
DA:275,0
DA:276,0
DA:277,0
DA:279,0
DA:283,0
DA:284,0
DA:287,0
DA:288,0
DA:291,0
DA:294,0
DA:296,0
DA:297,0
DA:299,0
DA:301,0
DA:305,0
DA:307,0
DA:309,0
DA:311,0
DA:315,0
DA:316,0
DA:317,0
DA:319,0
DA:321,0
DA:328,0
DA:329,0
DA:331,0
DA:333,0
DA:336,0
DA:337,0
DA:339,0
DA:343,0
DA:344,0
DA:347,0
DA:348,0
DA:351,0
DA:354,0
DA:356,0
DA:357,0
DA:359,0
DA:361,0
DA:365,0
DA:367,0
DA:369,0
DA:371,0
DA:375,0
DA:376,0
DA:377,0
DA:379,0
DA:381,0
DA:388,0
DA:389,0
DA:391,0
DA:393,0
DA:396,0
DA:397,0
DA:399,0
DA:403,0
DA:404,0
DA:407,0
DA:408,0
DA:411,0
DA:414,0
DA:416,0
DA:417,0
DA:419,0
DA:421,0
DA:425,0
DA:427,0
DA:429,0
DA:431,0
DA:435,0
DA:436,0
DA:437,0
DA:439,0
DA:441,0
DA:448,0
DA:449,0
DA:451,0
DA:453,0
DA:459,0
DA:460,0
DA:461,0
DA:462,0
DA:465,0
DA:467,0
DA:468,0
DA:471,0
DA:472,0
DA:473,0
DA:475,0
DA:478,0
DA:481,0
DA:487,0
DA:488,0
DA:490,0
DA:491,0
DA:501,0
DA:502,0
DA:504,0
DA:505,0
DA:506,0
DA:508,0
DA:511,0
DA:514,0
DA:516,0
DA:518,0
DA:519,0
DA:520,0
DA:521,0
DA:522,0
DA:523,0
DA:524,0
DA:525,0
DA:528,0
DA:529,0
DA:532,0
DA:536,0
LF:261
LH:0
end_of_record
SF:lib\flutter_flow\flutter_flow_animations.dart
DA:10,0
DA:25,0
DA:27,0
DA:29,0
DA:34,0
DA:35,0
DA:36,0
DA:39,0
DA:40,0
DA:41,0
DA:46,0
DA:50,0
DA:51,0
DA:52,0
DA:54,0
DA:55,0
DA:57,0
DA:58,0
DA:63,0
DA:68,0
DA:69,0
DA:70,0
DA:71,0
DA:73,0
DA:80,0
DA:86,0
DA:91,0
DA:98,0
DA:99,0
DA:101,0
DA:102,0
DA:103,0
DA:104,0
DA:105,0
LF:34
LH:0
end_of_record
SF:lib\actions\actions.dart
DA:10,0
DA:11,0
DA:14,0
DA:18,0
DA:19,0
DA:21,0
DA:24,0
DA:25,0
DA:26,0
DA:27,0
DA:32,0
DA:34,0
DA:37,0
DA:38,0
DA:42,0
DA:43,0
DA:44,0
DA:45,0
DA:46,0
DA:48,0
DA:50,0
DA:51,0
DA:52,0
DA:54,0
DA:55,0
DA:58,0
DA:59,0
DA:63,0
DA:64,0
DA:65,0
DA:66,0
DA:68,0
DA:69,0
LF:33
LH:0
end_of_record
SF:lib\account_creation\auth_register\auth_register_model.dart
DA:16,0
DA:17,0
DA:23,0
DA:24,0
DA:36,0
DA:37,0
DA:48,0
DA:50,0
DA:54,0
DA:64,0
DA:66,0
DA:82,0
DA:83,0
DA:96,0
DA:98,0
DA:116,0
DA:118,0
DA:119,0
DA:120,0
DA:121,0
DA:122,0
DA:123,0
DA:124,0
DA:125,0
DA:126,0
DA:129,0
DA:131,0
DA:132,0
DA:133,0
DA:135,0
DA:136,0
DA:138,0
DA:139,0
DA:141,0
DA:142,0
DA:144,0
DA:145,0
DA:147,0
DA:148,0
DA:152,0
DA:153,0
DA:154,0
DA:155,0
DA:156,0
DA:157,0
DA:158,0
DA:159,0
DA:160,0
DA:161,0
DA:162,0
DA:163,0
DA:165,0
DA:166,0
LF:53
LH:0
end_of_record
SF:lib\backend\schema\enums\enums.dart
DA:131,0
DA:135,0
DA:136,0
DA:139,0
DA:141,0
DA:142,0
DA:143,0
DA:144,0
DA:145,0
DA:146,0
DA:147,0
DA:148,0
DA:149,0
DA:150,0
DA:151,0
DA:152,0
DA:153,0
DA:154,0
DA:155,0
DA:156,0
DA:157,0
DA:158,0
DA:159,0
DA:160,0
DA:161,0
DA:162,0
DA:163,0
DA:164,0
DA:165,0
DA:166,0
DA:167,0
DA:168,0
DA:169,0
DA:170,0
DA:171,0
DA:172,0
DA:173,0
DA:174,0
DA:175,0
DA:176,0
DA:177,0
DA:178,0
LF:42
LH:0
end_of_record
SF:lib\flutter_flow\custom_functions.dart
DA:10,0
DA:16,0
DA:18,0
DA:19,0
DA:20,0
DA:22,0
DA:28,0
DA:31,0
DA:37,0
DA:43,0
DA:45,0
DA:46,0
DA:47,0
DA:49,0
DA:55,0
DA:62,0
DA:63,0
DA:65,0
DA:68,0
DA:75,0
DA:76,0
DA:81,0
DA:85,0
DA:87,0
DA:88,0
DA:89,0
DA:91,0
DA:98,0
DA:101,0
DA:102,0
DA:104,0
DA:108,0
DA:110,0
DA:113,0
DA:114,0
DA:118,0
DA:159,0
DA:160,0
DA:164,0
DA:165,0
DA:169,0
DA:170,0
DA:171,0
DA:174,0
DA:175,0
DA:176,0
DA:177,0
DA:178,0
DA:179,0
DA:180,0
DA:181,0
DA:182,0
DA:183,0
DA:184,0
DA:185,0
DA:186,0
DA:187,0
DA:188,0
DA:190,0
DA:192,0
DA:193,0
DA:199,0
DA:207,0
DA:209,0
DA:213,0
DA:214,0
DA:215,0
DA:216,0
DA:217,0
DA:223,0
DA:225,0
DA:229,0
DA:230,0
DA:232,0
DA:233,0
DA:234,0
DA:236,0
DA:240,0
DA:245,0
DA:246,0
DA:249,0
DA:250,0
DA:257,0
DA:262,0
DA:266,0
DA:270,0
DA:273,0
DA:282,0
DA:290,0
DA:293,0
DA:295,0
DA:298,0
DA:299,0
DA:300,0
DA:301,0
DA:303,0
DA:305,0
DA:308,0
DA:312,0
DA:313,0
DA:319,0
DA:321,0
DA:325,0
DA:328,0
DA:333,0
DA:342,0
DA:344,0
DA:345,0
DA:354,0
DA:359,0
DA:362,0
DA:367,0
DA:369,0
DA:370,0
DA:372,0
DA:375,0
DA:379,0
DA:380,0
DA:385,0
DA:397,0
DA:401,0
DA:409,0
DA:412,0
DA:416,0
DA:417,0
DA:418,0
DA:419,0
DA:422,0
DA:425,0
DA:426,0
DA:429,0
DA:431,0
DA:434,0
DA:435,0
DA:440,0
DA:443,0
DA:449,0
DA:455,0
DA:456,0
DA:462,0
DA:468,0
DA:469,0
DA:474,0
DA:480,0
DA:481,0
DA:486,0
DA:491,0
DA:492,0
DA:494,0
DA:500,0
DA:505,0
DA:506,0
DA:507,0
DA:508,0
DA:511,0
DA:514,0
DA:520,0
DA:523,0
DA:529,0
DA:536,0
DA:539,0
DA:544,0
DA:545,0
DA:549,0
DA:552,0
DA:553,0
DA:554,0
DA:561,0
DA:564,0
DA:569,0
DA:575,0
DA:576,0
DA:579,0
DA:582,0
DA:589,0
DA:593,0
DA:595,0
DA:596,0
DA:603,0
DA:604,0
DA:607,0
DA:608,0
DA:617,0
DA:621,0
DA:625,0
DA:626,0
DA:627,0
DA:632,0
DA:634,0
DA:635,0
DA:641,0
DA:645,0
DA:646,0
DA:648,0
DA:652,0
DA:658,0
DA:659,0
DA:660,0
DA:661,0
DA:662,0
DA:663,0
DA:664,0
DA:665,0
DA:669,0
DA:672,0
DA:673,0
DA:680,0
DA:682,0
DA:688,0
DA:694,0
DA:696,0
DA:700,0
DA:702,0
DA:704,0
DA:705,0
DA:708,0
DA:709,0
DA:712,0
DA:714,0
DA:716,0
DA:719,0
DA:720,0
DA:723,0
DA:724,0
DA:725,0
DA:726,0
DA:727,0
DA:738,0
DA:742,0
DA:744,0
DA:745,0
DA:747,0
DA:748,0
DA:752,0
DA:753,0
DA:755,0
DA:756,0
DA:758,0
DA:761,0
DA:764,0
DA:771,0
DA:774,0
DA:777,0
DA:779,0
DA:782,0
DA:789,0
DA:796,0
DA:801,0
DA:802,0
DA:804,0
DA:805,0
DA:808,0
DA:809,0
DA:810,0
DA:815,0
DA:818,0
DA:819,0
DA:821,0
DA:822,0
DA:823,0
DA:824,0
DA:826,0
DA:829,0
DA:832,0
DA:833,0
DA:836,0
DA:840,0
DA:841,0
DA:848,0
DA:856,0
DA:857,0
DA:858,0
DA:861,0
DA:866,0
DA:868,0
DA:871,0
DA:872,0
DA:875,0
DA:878,0
DA:879,0
DA:881,0
DA:884,0
DA:887,0
DA:888,0
DA:889,0
DA:890,0
DA:898,0
DA:904,0
DA:907,0
DA:908,0
DA:912,0
DA:919,0
DA:921,0
DA:928,0
DA:936,0
DA:938,0
DA:940,0
DA:942,0
DA:943,0
DA:944,0
DA:945,0
DA:947,0
DA:951,0
DA:953,0
DA:955,0
DA:957,0
DA:959,0
DA:960,0
DA:962,0
DA:966,0
DA:971,0
DA:972,0
DA:975,0
DA:979,0
DA:981,0
DA:984,0
DA:986,0
DA:990,0
DA:991,0
DA:994,0
DA:995,0
DA:998,0
DA:1000,0
DA:1003,0
DA:1006,0
DA:1009,0
DA:1012,0
DA:1019,0
DA:1020,0
DA:1021,0
DA:1023,0
DA:1024,0
DA:1028,0
DA:1031,0
DA:1033,0
DA:1034,0
DA:1035,0
DA:1037,0
DA:1038,0
DA:1039,0
DA:1040,0
DA:1041,0
DA:1042,0
DA:1044,0
DA:1046,0
DA:1049,0
DA:1053,0
DA:1054,0
DA:1055,0
DA:1060,0
DA:1065,0
DA:1066,0
DA:1071,0
DA:1072,0
DA:1075,0
DA:1078,0
DA:1081,0
DA:1083,0
DA:1084,0
DA:1086,0
DA:1087,0
DA:1089,0
DA:1090,0
DA:1092,0
LF:364
LH:0
end_of_record
SF:lib\account_creation\auth_register\auth_register_widget.dart
DA:19,0
DA:24,0
DA:25,0
DA:33,0
DA:35,0
DA:36,0
DA:39,0
DA:40,0
DA:42,0
DA:43,0
DA:44,0
DA:48,0
DA:49,0
DA:50,0
DA:51,0
DA:52,0
DA:53,0
DA:55,0
DA:56,0
DA:57,0
DA:58,0
DA:59,0
DA:60,0
DA:61,0
DA:63,0
DA:64,0
DA:66,0
DA:76,0
DA:77,0
DA:79,0
DA:80,0
DA:82,0
DA:83,0
DA:85,0
DA:86,0
DA:88,0
DA:89,0
DA:91,0
DA:92,0
DA:95,0
DA:97,0
DA:99,0
DA:102,0
DA:104,0
DA:105,0
DA:106,0
DA:107,0
DA:108,0
DA:110,0
DA:111,0
DA:112,0
DA:113,0
DA:115,0
DA:116,0
DA:117,0
DA:118,0
DA:119,0
DA:120,0
DA:121,0
DA:123,0
DA:124,0
DA:127,0
DA:128,0
DA:129,0
DA:131,0
DA:133,0
DA:136,0
DA:137,0
DA:138,0
DA:139,0
DA:140,0
DA:142,0
DA:147,0
DA:148,0
DA:149,0
DA:151,0
DA:152,0
DA:153,0
DA:154,0
DA:157,0
DA:161,0
DA:164,0
DA:165,0
DA:166,0
DA:168,0
DA:169,0
DA:172,0
DA:173,0
DA:176,0
DA:177,0
DA:179,0
DA:182,0
DA:183,0
DA:184,0
DA:186,0
DA:187,0
DA:190,0
DA:191,0
DA:195,0
DA:196,0
DA:198,0
DA:200,0
DA:202,0
DA:203,0
DA:207,0
DA:209,0
DA:211,0
DA:212,0
DA:214,0
DA:215,0
DA:218,0
DA:220,0
DA:222,0
DA:223,0
DA:224,0
DA:228,0
DA:230,0
DA:231,0
DA:232,0
DA:236,0
DA:238,0
DA:239,0
DA:241,0
DA:242,0
DA:246,0
DA:249,0
DA:250,0
DA:252,0
DA:253,0
DA:257,0
DA:261,0
DA:262,0
DA:264,0
DA:265,0
DA:266,0
DA:268,0
DA:269,0
DA:272,0
DA:273,0
DA:276,0
DA:277,0
DA:278,0
DA:279,0
DA:280,0
DA:284,0
DA:285,0
DA:287,0
DA:289,0
DA:291,0
DA:292,0
DA:296,0
DA:298,0
DA:300,0
DA:301,0
DA:303,0
DA:304,0
DA:307,0
DA:309,0
DA:311,0
DA:312,0
DA:313,0
DA:317,0
DA:319,0
DA:320,0
DA:321,0
DA:325,0
DA:327,0
DA:328,0
DA:330,0
DA:331,0
DA:335,0
DA:338,0
DA:339,0
DA:341,0
DA:342,0
DA:346,0
DA:350,0
DA:351,0
DA:353,0
DA:354,0
DA:355,0
DA:357,0
DA:358,0
DA:361,0
DA:362,0
DA:367,0
DA:368,0
DA:369,0
DA:370,0
DA:371,0
DA:375,0
DA:376,0
DA:378,0
DA:380,0
DA:382,0
DA:383,0
DA:387,0
DA:389,0
DA:391,0
DA:392,0
DA:394,0
DA:395,0
DA:398,0
DA:400,0
DA:402,0
DA:403,0
DA:404,0
DA:408,0
DA:410,0
DA:411,0
DA:412,0
DA:416,0
DA:418,0
DA:419,0
DA:421,0
DA:422,0
DA:426,0
DA:429,0
DA:430,0
DA:432,0
DA:433,0
DA:437,0
DA:441,0
DA:442,0
DA:444,0
DA:445,0
DA:446,0
DA:448,0
DA:449,0
DA:452,0
DA:453,0
DA:457,0
DA:458,0
DA:459,0
DA:460,0
DA:461,0
DA:465,0
DA:466,0
DA:467,0
DA:469,0
DA:471,0
DA:473,0
DA:474,0
DA:478,0
DA:481,0
DA:482,0
DA:483,0
DA:485,0
DA:487,0
DA:490,0
DA:492,0
DA:494,0
DA:495,0
DA:496,0
DA:500,0
DA:502,0
DA:503,0
DA:504,0
DA:508,0
DA:510,0
DA:511,0
DA:513,0
DA:514,0
DA:518,0
DA:521,0
DA:522,0
DA:524,0
DA:525,0
DA:529,0
DA:533,0
DA:534,0
DA:536,0
DA:537,0
DA:538,0
DA:540,0
DA:541,0
DA:544,0
DA:546,0
DA:549,0
DA:550,0
DA:551,0
DA:552,0
DA:553,0
DA:557,0
DA:558,0
DA:560,0
DA:562,0
DA:564,0
DA:565,0
DA:567,0
DA:568,0
DA:570,0
DA:572,0
DA:573,0
DA:575,0
DA:576,0
DA:579,0
DA:581,0
DA:583,0
DA:584,0
DA:585,0
DA:589,0
DA:591,0
DA:592,0
DA:593,0
DA:597,0
DA:599,0
DA:600,0
DA:602,0
DA:603,0
DA:607,0
DA:610,0
DA:611,0
DA:613,0
DA:614,0
DA:618,0
DA:622,0
DA:623,0
DA:624,0
DA:625,0
DA:626,0
DA:627,0
DA:628,0
DA:631,0
DA:632,0
DA:633,0
DA:638,0
DA:639,0
DA:644,0
DA:645,0
DA:646,0
DA:648,0
DA:649,0
DA:652,0
DA:653,0
DA:656,0
DA:657,0
DA:658,0
DA:659,0
DA:660,0
DA:664,0
DA:665,0
DA:667,0
DA:669,0
DA:670,0
DA:671,0
DA:673,0
DA:676,0
DA:677,0
DA:679,0
DA:681,0
DA:682,0
DA:684,0
DA:685,0
DA:688,0
DA:690,0
DA:692,0
DA:693,0
DA:694,0
DA:698,0
DA:700,0
DA:701,0
DA:702,0
DA:706,0
DA:708,0
DA:709,0
DA:711,0
DA:712,0
DA:716,0
DA:719,0
DA:720,0
DA:722,0
DA:723,0
DA:727,0
DA:731,0
DA:732,0
DA:733,0
DA:734,0
DA:735,0
DA:736,0
DA:737,0
DA:738,0
DA:741,0
DA:742,0
DA:743,0
DA:748,0
DA:749,0
DA:754,0
DA:755,0
DA:756,0
DA:758,0
DA:759,0
DA:762,0
DA:763,0
DA:766,0
DA:767,0
DA:768,0
DA:769,0
DA:770,0
DA:774,0
DA:775,0
DA:777,0
DA:781,0
DA:782,0
DA:783,0
DA:784,0
DA:790,0
DA:792,0
DA:796,0
DA:797,0
DA:799,0
DA:800,0
DA:801,0
DA:802,0
DA:803,0
DA:804,0
DA:807,0
DA:810,0
DA:811,0
DA:814,0
DA:815,0
DA:817,0
DA:818,0
DA:821,0
DA:822,0
DA:823,0
DA:824,0
DA:825,0
DA:826,0
DA:827,0
DA:830,0
DA:832,0
DA:833,0
DA:835,0
DA:837,0
DA:840,0
DA:842,0
DA:845,0
DA:848,0
DA:849,0
DA:851,0
DA:858,0
DA:859,0
DA:860,0
DA:865,0
DA:867,0
DA:871,0
DA:872,0
DA:873,0
DA:875,0
DA:877,0
DA:881,0
DA:882,0
DA:890,0
DA:891,0
DA:893,0
DA:895,0
DA:896,0
DA:897,0
DA:898,0
DA:904,0
DA:906,0
DA:910,0
DA:911,0
DA:913,0
DA:914,0
DA:916,0
DA:917,0
DA:918,0
DA:921,0
DA:924,0
DA:925,0
DA:928,0
DA:929,0
DA:931,0
DA:932,0
DA:935,0
DA:936,0
DA:937,0
DA:938,0
DA:939,0
DA:940,0
DA:941,0
DA:945,0
DA:947,0
DA:948,0
DA:950,0
DA:952,0
DA:955,0
DA:957,0
DA:960,0
DA:962,0
DA:963,0
DA:965,0
DA:972,0
DA:973,0
DA:974,0
DA:981,0
DA:982,0
DA:983,0
DA:985,0
DA:987,0
DA:991,0
DA:992,0
DA:1000,0
DA:1001,0
DA:1002,0
DA:1003,0
DA:1005,0
DA:1007,0
DA:1008,0
DA:1010,0
DA:1011,0
DA:1012,0
DA:1014,0
DA:1015,0
DA:1016,0
DA:1019,0
DA:1020,0
DA:1021,0
DA:1022,0
DA:1023,0
DA:1024,0
DA:1025,0
DA:1026,0
DA:1027,0
DA:1029,0
DA:1030,0
DA:1031,0
DA:1039,0
DA:1040,0
DA:1042,0
DA:1043,0
DA:1044,0
DA:1045,0
DA:1046,0
DA:1047,0
DA:1053,0
DA:1054,0
DA:1055,0
DA:1056,0
DA:1057,0
DA:1058,0
DA:1059,0
DA:1060,0
DA:1061,0
DA:1062,0
DA:1063,0
DA:1064,0
DA:1065,0
DA:1068,0
DA:1069,0
DA:1070,0
DA:1071,0
DA:1073,0
DA:1075,0
DA:1077,0
DA:1078,0
DA:1079,0
DA:1081,0
DA:1086,0
DA:1092,0
DA:1093,0
DA:1094,0
DA:1095,0
DA:1097,0
DA:1098,0
DA:1099,0
DA:1100,0
DA:1101,0
DA:1102,0
DA:1104,0
DA:1107,0
DA:1109,0
DA:1112,0
DA:1113,0
DA:1114,0
DA:1115,0
DA:1117,0
DA:1118,0
DA:1119,0
DA:1126,0
DA:1127,0
DA:1128,0
DA:1129,0
DA:1130,0
DA:1132,0
DA:1139,0
DA:1142,0
DA:1143,0
DA:1145,0
DA:1146,0
DA:1147,0
DA:1148,0
DA:1149,0
DA:1153,0
DA:1157,0
DA:1160,0
DA:1163,0
DA:1164,0
DA:1166,0
DA:1170,0
DA:1174,0
DA:1177,0
DA:1181,0
DA:1183,0
DA:1185,0
DA:1186,0
DA:1187,0
DA:1189,0
DA:1190,0
DA:1192,0
DA:1194,0
DA:1195,0
DA:1197,0
DA:1200,0
DA:1202,0
DA:1205,0
DA:1210,0
DA:1212,0
DA:1213,0
DA:1218,0
DA:1220,0
DA:1222,0
DA:1223,0
DA:1225,0
DA:1226,0
DA:1227,0
DA:1229,0
DA:1230,0
DA:1231,0
DA:1234,0
DA:1235,0
DA:1237,0
DA:1239,0
DA:1241,0
DA:1242,0
DA:1243,0
DA:1245,0
DA:1250,0
DA:1256,0
DA:1257,0
DA:1258,0
DA:1259,0
DA:1261,0
DA:1262,0
DA:1263,0
DA:1264,0
DA:1265,0
DA:1266,0
DA:1267,0
DA:1268,0
DA:1269,0
DA:1271,0
DA:1272,0
DA:1273,0
DA:1281,0
DA:1282,0
DA:1284,0
DA:1285,0
DA:1286,0
DA:1287,0
DA:1288,0
DA:1289,0
DA:1296,0
DA:1297,0
DA:1298,0
DA:1299,0
DA:1300,0
DA:1301,0
DA:1302,0
DA:1303,0
DA:1304,0
DA:1305,0
DA:1307,0
DA:1308,0
DA:1309,0
DA:1312,0
DA:1313,0
DA:1314,0
DA:1315,0
DA:1316,0
DA:1317,0
DA:1318,0
DA:1319,0
DA:1321,0
DA:1324,0
DA:1326,0
DA:1329,0
DA:1330,0
DA:1331,0
DA:1332,0
DA:1334,0
DA:1335,0
DA:1336,0
DA:1343,0
DA:1344,0
DA:1345,0
DA:1346,0
DA:1347,0
DA:1349,0
DA:1355,0
DA:1357,0
DA:1358,0
DA:1359,0
DA:1360,0
DA:1361,0
DA:1362,0
DA:1364,0
DA:1366,0
DA:1367,0
DA:1368,0
DA:1369,0
DA:1370,0
DA:1372,0
DA:1374,0
DA:1378,0
DA:1379,0
DA:1380,0
DA:1382,0
DA:1385,0
DA:1386,0
DA:1388,0
DA:1392,0
DA:1395,0
DA:1397,0
DA:1398,0
DA:1399,0
DA:1401,0
DA:1402,0
DA:1404,0
DA:1407,0
DA:1411,0
DA:1413,0
DA:1418,0
DA:1420,0
DA:1421,0
DA:1422,0
DA:1424,0
DA:1426,0
DA:1427,0
DA:1430,0
DA:1434,0
DA:1436,0
DA:1441,0
DA:1444,0
DA:1448,0
DA:1450,0
DA:1452,0
DA:1453,0
DA:1454,0
DA:1456,0
DA:1457,0
DA:1459,0
DA:1461,0
DA:1462,0
DA:1464,0
DA:1467,0
DA:1469,0
DA:1472,0
DA:1477,0
DA:1479,0
DA:1480,0
DA:1489,0
DA:1490,0
DA:1491,0
DA:1492,0
DA:1494,0
DA:1499,0
DA:1500,0
DA:1502,0
DA:1504,0
DA:1509,0
DA:1514,0
DA:1516,0
DA:1517,0
DA:1518,0
DA:1519,0
DA:1522,0
DA:1524,0
DA:1526,0
DA:1528,0
DA:1529,0
DA:1531,0
DA:1533,0
DA:1535,0
DA:1537,0
DA:1542,0
DA:1544,0
DA:1548,0
DA:1549,0
DA:1550,0
DA:1552,0
DA:1554,0
DA:1557,0
DA:1559,0
LF:796
LH:0
end_of_record
SF:lib\account_creation\auth_register_role_dialog\auth_register_role_dialog_widget.dart
DA:10,0
DA:19,0
DA:21,0
DA:28,0
DA:30,0
DA:31,0
DA:34,0
DA:36,0
DA:37,0
DA:40,0
DA:42,0
DA:44,0
DA:47,0
DA:49,0
DA:51,0
DA:52,0
DA:53,0
DA:55,0
DA:56,0
DA:57,0
DA:60,0
DA:61,0
DA:62,0
DA:63,0
DA:64,0
DA:68,0
DA:69,0
DA:70,0
DA:72,0
DA:74,0
DA:76,0
DA:77,0
DA:81,0
DA:82,0
DA:86,0
DA:88,0
DA:91,0
DA:92,0
DA:99,0
DA:100,0
DA:101,0
DA:103,0
DA:106,0
DA:107,0
DA:108,0
DA:109,0
DA:110,0
DA:112,0
DA:113,0
DA:118,0
DA:119,0
DA:120,0
DA:121,0
DA:122,0
DA:127,0
DA:130,0
DA:131,0
DA:132,0
DA:133,0
DA:134,0
DA:135,0
DA:136,0
DA:138,0
DA:139,0
DA:140,0
DA:144,0
DA:145,0
DA:147,0
DA:148,0
DA:149,0
DA:150,0
DA:151,0
DA:152,0
DA:153,0
DA:154,0
DA:155,0
DA:157,0
DA:163,0
DA:164,0
LF:79
LH:0
end_of_record
SF:lib\account_creation\auth_register_role_dialog\auth_register_role_dialog_model.dart
DA:11,0
DA:12,0
DA:13,0
DA:14,0
DA:15,0
DA:16,0
DA:17,0
DA:21,0
DA:24,0
LF:9
LH:0
end_of_record
SF:lib\account_creation\check_email\check_email_model.dart
DA:7,0
DA:10,0
LF:2
LH:0
end_of_record
SF:lib\account_creation\check_email\check_email_widget.dart
DA:10,0
DA:15,0
DA:16,0
DA:24,0
DA:26,0
DA:27,0
DA:30,0
DA:32,0
DA:34,0
DA:37,0
DA:39,0
DA:40,0
DA:41,0
DA:42,0
DA:44,0
DA:45,0
DA:46,0
DA:47,0
DA:49,0
DA:52,0
DA:53,0
DA:54,0
DA:55,0
DA:58,0
DA:59,0
DA:60,0
DA:61,0
DA:64,0
DA:66,0
DA:67,0
DA:68,0
DA:69,0
DA:70,0
DA:71,0
DA:74,0
DA:75,0
DA:76,0
DA:78,0
DA:84,0
DA:86,0
DA:87,0
DA:89,0
DA:91,0
DA:92,0
DA:96,0
DA:97,0
DA:101,0
DA:102,0
DA:103,0
DA:104,0
DA:106,0
DA:109,0
DA:110,0
DA:111,0
DA:112,0
DA:113,0
DA:115,0
DA:119,0
DA:120,0
DA:125,0
DA:127,0
DA:128,0
DA:129,0
DA:130,0
DA:133,0
DA:136,0
DA:138,0
DA:140,0
DA:141,0
DA:142,0
DA:143,0
DA:144,0
DA:145,0
DA:146,0
DA:148,0
DA:149,0
DA:152,0
DA:156,0
LF:78
LH:0
end_of_record
SF:lib\components\agent_paywall_popup_widget.dart
DA:11,0
DA:22,0
DA:24,0
DA:30,0
DA:32,0
DA:33,0
DA:36,0
DA:38,0
DA:39,0
DA:42,0
DA:44,0
DA:46,0
DA:49,0
DA:51,0
DA:53,0
DA:54,0
DA:55,0
DA:57,0
DA:58,0
DA:59,0
DA:62,0
DA:63,0
DA:66,0
DA:67,0
DA:70,0
DA:71,0
DA:72,0
DA:74,0
DA:75,0
DA:76,0
DA:85,0
DA:88,0
DA:89,0
DA:91,0
DA:93,0
DA:96,0
DA:97,0
DA:100,0
DA:102,0
DA:104,0
DA:105,0
DA:108,0
DA:111,0
DA:113,0
DA:116,0
DA:117,0
DA:119,0
DA:120,0
DA:123,0
DA:124,0
DA:127,0
DA:128,0
DA:129,0
DA:136,0
DA:137,0
DA:139,0
DA:141,0
DA:143,0
DA:144,0
DA:148,0
DA:150,0
DA:152,0
DA:153,0
DA:156,0
DA:157,0
DA:160,0
DA:161,0
DA:162,0
DA:169,0
DA:170,0
DA:172,0
DA:174,0
DA:176,0
DA:177,0
DA:181,0
DA:183,0
DA:185,0
DA:186,0
DA:187,0
DA:188,0
DA:190,0
DA:191,0
DA:192,0
DA:195,0
DA:196,0
DA:199,0
DA:200,0
DA:201,0
DA:202,0
DA:206,0
DA:207,0
DA:208,0
DA:209,0
DA:210,0
DA:213,0
DA:214,0
DA:217,0
DA:220,0
DA:221,0
DA:222,0
DA:223,0
DA:224,0
DA:226,0
DA:228,0
DA:229,0
DA:232,0
DA:238,0
DA:239,0
DA:240,0
DA:243,0
DA:246,0
DA:247,0
DA:248,0
DA:249,0
DA:251,0
DA:255,0
DA:258,0
DA:261,0
DA:262,0
DA:263,0
DA:266,0
DA:269,0
DA:270,0
DA:271,0
DA:272,0
DA:274,0
DA:275,0
DA:278,0
DA:281,0
DA:282,0
DA:284,0
DA:287,0
DA:290,0
DA:291,0
DA:292,0
DA:293,0
DA:294,0
DA:295,0
DA:296,0
DA:298,0
DA:299,0
DA:300,0
DA:301,0
DA:302,0
DA:304,0
DA:305,0
DA:308,0
DA:310,0
DA:312,0
DA:314,0
DA:315,0
DA:320,0
DA:321,0
DA:322,0
DA:326,0
DA:328,0
DA:330,0
DA:331,0
DA:339,0
LF:159
LH:0
end_of_record
SF:lib\agent\components\agent_bottom_navbar\agent_bottom_navbar_model.dart
DA:18,0
DA:20,0
DA:21,0
DA:22,0
DA:23,0
DA:26,0
DA:28,0
DA:29,0
DA:30,0
DA:31,0
LF:10
LH:0
end_of_record
SF:lib\app_components\navbar\navbar_item\navbar_item_widget.dart
DA:8,0
DA:22,0
DA:23,0
DA:29,0
DA:31,0
DA:32,0
DA:35,0
DA:37,0
DA:38,0
DA:41,0
DA:43,0
DA:45,0
DA:48,0
DA:50,0
DA:55,0
DA:56,0
DA:58,0
DA:61,0
DA:62,0
DA:63,0
DA:64,0
DA:65,0
DA:66,0
DA:67,0
DA:68,0
DA:69,0
DA:72,0
LF:27
LH:0
end_of_record
SF:lib\agent\components\agent_bottom_navbar\agent_bottom_navbar_widget.dart
DA:11,0
DA:18,0
DA:20,0
DA:26,0
DA:28,0
DA:29,0
DA:32,0
DA:34,0
DA:35,0
DA:38,0
DA:40,0
DA:42,0
DA:45,0
DA:47,0
DA:48,0
DA:49,0
DA:50,0
DA:51,0
DA:52,0
DA:53,0
DA:54,0
DA:57,0
DA:58,0
DA:59,0
DA:61,0
DA:62,0
DA:65,0
DA:66,0
DA:67,0
DA:68,0
DA:69,0
DA:70,0
DA:71,0
DA:73,0
DA:75,0
DA:76,0
DA:77,0
DA:80,0
DA:81,0
DA:82,0
DA:84,0
DA:85,0
DA:88,0
DA:96,0
DA:97,0
DA:98,0
DA:99,0
DA:100,0
DA:101,0
DA:103,0
DA:105,0
DA:106,0
DA:107,0
DA:110,0
DA:111,0
DA:112,0
DA:114,0
DA:115,0
DA:119,0
DA:120,0
DA:121,0
DA:124,0
DA:132,0
DA:133,0
DA:134,0
DA:135,0
DA:136,0
DA:137,0
DA:139,0
DA:141,0
DA:142,0
DA:143,0
DA:146,0
DA:147,0
DA:148,0
DA:150,0
DA:151,0
DA:154,0
DA:162,0
DA:163,0
DA:164,0
DA:165,0
DA:166,0
DA:167,0
DA:169,0
DA:171,0
DA:172,0
DA:173,0
DA:176,0
DA:177,0
DA:178,0
DA:180,0
DA:181,0
DA:184,0
LF:94
LH:0
end_of_record
SF:lib\agent\components\agent_recent_activity\agent_recent_activity_model.dart
DA:7,0
DA:10,0
LF:2
LH:0
end_of_record
SF:lib\agent\components\agent_recent_activity\agent_recent_activity_widget.dart
DA:11,0
DA:18,0
DA:20,0
DA:26,0
DA:28,0
DA:29,0
DA:32,0
DA:34,0
DA:35,0
DA:38,0
DA:40,0
DA:42,0
DA:45,0
DA:47,0
DA:48,0
DA:49,0
DA:52,0
DA:53,0
DA:54,0
DA:55,0
DA:57,0
DA:59,0
DA:62,0
DA:66,0
DA:67,0
DA:68,0
DA:70,0
DA:71,0
DA:74,0
DA:78,0
DA:79,0
DA:80,0
DA:81,0
DA:82,0
DA:83,0
DA:84,0
DA:87,0
DA:92,0
DA:93,0
DA:101,0
DA:102,0
DA:103,0
DA:104,0
DA:105,0
DA:107,0
DA:110,0
DA:111,0
DA:112,0
DA:113,0
DA:115,0
DA:116,0
DA:123,0
DA:125,0
DA:126,0
DA:129,0
DA:130,0
DA:133,0
DA:134,0
DA:135,0
DA:137,0
DA:138,0
DA:139,0
DA:143,0
DA:144,0
DA:145,0
DA:146,0
DA:147,0
DA:148,0
DA:149,0
DA:150,0
DA:160,0
DA:161,0
DA:162,0
DA:164,0
DA:167,0
DA:168,0
DA:169,0
DA:170,0
DA:171,0
DA:172,0
DA:174,0
DA:175,0
DA:178,0
DA:179,0
DA:182,0
DA:183,0
DA:185,0
DA:187,0
DA:188,0
DA:189,0
DA:190,0
DA:191,0
DA:192,0
DA:194,0
DA:196,0
DA:198,0
DA:200,0
DA:202,0
DA:204,0
DA:206,0
DA:207,0
DA:209,0
DA:211,0
DA:212,0
DA:214,0
DA:218,0
DA:220,0
DA:224,0
DA:225,0
DA:226,0
DA:228,0
DA:229,0
DA:232,0
DA:234,0
DA:239,0
DA:240,0
DA:242,0
DA:243,0
DA:245,0
DA:246,0
DA:247,0
DA:249,0
DA:250,0
DA:251,0
DA:253,0
DA:254,0
DA:257,0
DA:258,0
LF:128
LH:0
end_of_record
SF:lib\seller\empty_listing\empty_listing_widget.dart
DA:10,0
DA:24,0
DA:25,0
DA:34,0
DA:36,0
DA:37,0
DA:40,0
DA:42,0
DA:43,0
DA:45,0
DA:46,0
DA:48,0
DA:49,0
DA:50,0
DA:52,0
DA:53,0
DA:54,0
DA:55,0
DA:62,0
DA:64,0
DA:66,0
DA:69,0
DA:71,0
DA:74,0
DA:75,0
DA:77,0
DA:78,0
DA:79,0
DA:82,0
DA:83,0
DA:85,0
DA:86,0
DA:87,0
DA:89,0
DA:91,0
DA:92,0
DA:96,0
DA:97,0
DA:100,0
DA:102,0
DA:104,0
DA:105,0
DA:107,0
DA:109,0
DA:110,0
DA:113,0
DA:116,0
DA:118,0
DA:120,0
DA:122,0
DA:123,0
DA:128,0
DA:129,0
DA:131,0
DA:134,0
DA:135,0
DA:138,0
DA:140,0
DA:141,0
LF:59
LH:0
end_of_record
SF:lib\agent\components\app_logo\app_logo_model.dart
DA:20,0
DA:23,0
LF:2
LH:0
end_of_record
SF:lib\agent\components\billing_item\billing_item_model.dart
DA:6,0
DA:9,0
LF:2
LH:0
end_of_record
SF:lib\agent\components\billing_item\billing_item_widget.dart
DA:8,0
DA:19,0
DA:20,0
DA:26,0
DA:28,0
DA:29,0
DA:32,0
DA:34,0
DA:35,0
DA:38,0
DA:40,0
DA:42,0
DA:45,0
DA:47,0
DA:48,0
DA:49,0
DA:51,0
DA:53,0
DA:54,0
DA:57,0
DA:58,0
DA:61,0
DA:62,0
DA:63,0
DA:65,0
DA:66,0
DA:68,0
DA:70,0
DA:74,0
DA:77,0
DA:78,0
DA:79,0
DA:81,0
DA:82,0
DA:85,0
DA:90,0
DA:91,0
DA:92,0
DA:95,0
DA:96,0
DA:100,0
DA:103,0
DA:105,0
DA:107,0
DA:109,0
LF:45
LH:0
end_of_record
SF:lib\agent\components\contact_item\contact_item_model.dart
DA:15,0
DA:18,0
LF:2
LH:0
end_of_record
SF:lib\agent\components\contact_item\contact_item_widget.dart
DA:11,0
DA:32,0
DA:33,0
DA:40,0
DA:42,0
DA:43,0
DA:46,0
DA:48,0
DA:49,0
DA:52,0
DA:54,0
DA:56,0
DA:59,0
DA:61,0
DA:62,0
DA:63,0
DA:64,0
DA:65,0
DA:66,0
DA:67,0
DA:69,0
DA:70,0
DA:77,0
DA:78,0
DA:79,0
DA:81,0
DA:82,0
DA:83,0
DA:84,0
DA:85,0
DA:86,0
DA:94,0
DA:95,0
DA:96,0
DA:97,0
DA:100,0
DA:101,0
DA:102,0
DA:103,0
DA:106,0
DA:108,0
DA:110,0
DA:111,0
DA:114,0
DA:116,0
DA:117,0
DA:118,0
DA:120,0
DA:121,0
DA:126,0
DA:127,0
DA:128,0
DA:129,0
DA:130,0
DA:132,0
DA:133,0
DA:138,0
DA:140,0
DA:141,0
DA:143,0
DA:144,0
DA:145,0
DA:146,0
DA:147,0
DA:150,0
DA:151,0
DA:152,0
DA:153,0
DA:154,0
DA:156,0
DA:159,0
DA:160,0
DA:167,0
DA:168,0
DA:169,0
DA:170,0
DA:171,0
DA:172,0
DA:173,0
DA:174,0
DA:175,0
DA:176,0
DA:177,0
DA:180,0
DA:181,0
DA:182,0
DA:183,0
DA:185,0
DA:186,0
DA:187,0
DA:190,0
DA:191,0
DA:192,0
DA:193,0
DA:194,0
DA:195,0
DA:197,0
DA:198,0
DA:199,0
DA:202,0
DA:203,0
DA:209,0
DA:213,0
DA:214,0
DA:215,0
DA:216,0
DA:219,0
DA:220,0
DA:224,0
DA:226,0
DA:227,0
DA:228,0
DA:229,0
DA:231,0
DA:232,0
DA:235,0
DA:236,0
DA:240,0
DA:242,0
DA:244,0
DA:245,0
DA:248,0
DA:249,0
DA:254,0
DA:255,0
DA:257,0
DA:259,0
DA:263,0
DA:264,0
DA:269,0
DA:270,0
DA:272,0
DA:274,0
LF:133
LH:0
end_of_record
SF:lib\agent\components\contact_suggest_item\contact_suggest_item_model.dart
DA:11,0
DA:14,0
LF:2
LH:0
end_of_record
SF:lib\agent\components\contact_suggest_item\contact_suggest_item_widget.dart
DA:10,0
DA:22,0
DA:24,0
DA:31,0
DA:33,0
DA:34,0
DA:37,0
DA:39,0
DA:40,0
DA:43,0
DA:45,0
DA:47,0
DA:50,0
DA:52,0
DA:53,0
DA:54,0
DA:55,0
DA:56,0
DA:57,0
DA:58,0
DA:60,0
DA:61,0
DA:68,0
DA:69,0
DA:70,0
DA:72,0
DA:73,0
DA:74,0
DA:75,0
DA:76,0
DA:78,0
DA:86,0
DA:87,0
DA:88,0
DA:89,0
DA:92,0
DA:93,0
DA:94,0
DA:95,0
DA:98,0
DA:100,0
DA:102,0
DA:103,0
DA:106,0
DA:108,0
DA:109,0
DA:110,0
DA:111,0
DA:114,0
DA:115,0
DA:116,0
DA:117,0
DA:118,0
DA:120,0
DA:121,0
DA:126,0
DA:128,0
DA:129,0
DA:131,0
DA:132,0
DA:133,0
DA:134,0
DA:135,0
DA:138,0
DA:139,0
DA:140,0
DA:141,0
DA:142,0
DA:144,0
DA:147,0
DA:148,0
DA:155,0
DA:156,0
DA:157,0
DA:158,0
DA:159,0
DA:160,0
DA:161,0
DA:164,0
DA:165,0
DA:166,0
DA:167,0
DA:169,0
DA:171,0
DA:172,0
DA:173,0
DA:174,0
DA:175,0
DA:177,0
DA:180,0
DA:181,0
DA:187,0
DA:191,0
DA:196,0
DA:197,0
DA:199,0
DA:201,0
LF:97
LH:0
end_of_record
SF:lib\agent\components\header\header_model.dart
DA:12,0
DA:14,0
DA:17,0
DA:19,0
LF:4
LH:0
end_of_record
SF:lib\agent\components\header\header_widget.dart
DA:13,0
DA:26,0
DA:27,0
DA:33,0
DA:35,0
DA:36,0
DA:39,0
DA:41,0
DA:42,0
DA:45,0
DA:47,0
DA:49,0
DA:52,0
DA:54,0
DA:56,0
DA:57,0
DA:59,0
DA:60,0
DA:61,0
DA:64,0
DA:65,0
DA:66,0
DA:69,0
DA:70,0
DA:71,0
DA:73,0
DA:74,0
DA:75,0
DA:76,0
DA:78,0
DA:80,0
DA:81,0
DA:85,0
DA:88,0
DA:90,0
DA:92,0
DA:97,0
DA:98,0
DA:100,0
DA:102,0
DA:106,0
DA:107,0
DA:108,0
DA:110,0
DA:112,0
DA:114,0
DA:119,0
DA:121,0
DA:122,0
DA:123,0
DA:126,0
DA:127,0
DA:128,0
DA:135,0
DA:137,0
DA:142,0
DA:143,0
DA:145,0
DA:146,0
DA:147,0
DA:148,0
DA:149,0
DA:152,0
DA:153,0
DA:154,0
DA:155,0
DA:156,0
DA:161,0
DA:162,0
DA:166,0
DA:167,0
DA:170,0
DA:172,0
DA:174,0
DA:177,0
DA:178,0
DA:180,0
DA:187,0
DA:192,0
DA:193,0
DA:194,0
DA:195,0
DA:196,0
DA:198,0
DA:200,0
DA:203,0
DA:204,0
DA:207,0
DA:208,0
DA:209,0
DA:212,0
DA:214,0
DA:215,0
DA:217,0
DA:218,0
DA:222,0
DA:223,0
DA:226,0
DA:230,0
LF:99
LH:0
end_of_record
SF:lib\agent\components\invitation_selector_sheet\invitation_selector_sheet_model.dart
DA:8,0
DA:11,0
LF:2
LH:0
end_of_record
SF:lib\agent\components\invitation_selector_sheet\invitation_selector_sheet_widget.dart
DA:12,0
DA:21,0
DA:23,0
DA:30,0
DA:32,0
DA:33,0
DA:36,0
DA:38,0
DA:39,0
DA:42,0
DA:44,0
DA:46,0
DA:49,0
DA:51,0
DA:53,0
DA:54,0
DA:55,0
DA:56,0
DA:58,0
DA:59,0
DA:61,0
DA:65,0
DA:66,0
DA:67,0
DA:68,0
DA:69,0
DA:72,0
DA:73,0
DA:74,0
DA:78,0
DA:79,0
DA:81,0
DA:83,0
DA:86,0
DA:88,0
DA:89,0
DA:90,0
DA:93,0
DA:94,0
DA:96,0
DA:97,0
DA:99,0
DA:100,0
DA:101,0
DA:102,0
DA:103,0
DA:105,0
DA:106,0
DA:110,0
DA:112,0
DA:113,0
DA:115,0
DA:116,0
DA:117,0
DA:118,0
DA:119,0
DA:121,0
DA:122,0
DA:131,0
DA:132,0
DA:133,0
DA:136,0
DA:139,0
DA:140,0
DA:141,0
DA:142,0
DA:143,0
DA:144,0
DA:147,0
DA:150,0
DA:156,0
DA:157,0
DA:158,0
DA:159,0
DA:160,0
DA:163,0
DA:166,0
DA:168,0
DA:169,0
DA:170,0
DA:172,0
DA:173,0
DA:176,0
DA:179,0
DA:180,0
LF:85
LH:0
end_of_record
SF:lib\agent\components\invite_contact_sheet\invite_contact_sheet_model.dart
DA:14,0
DA:15,0
DA:26,0
DA:28,0
DA:39,0
DA:41,0
DA:45,0
DA:51,0
DA:53,0
DA:54,0
DA:55,0
DA:58,0
DA:60,0
DA:61,0
DA:63,0
DA:64,0
DA:66,0
DA:67,0
LF:18
LH:0
end_of_record
SF:lib\agent\components\invite_contact_sheet\invite_contact_sheet_widget.dart
DA:11,0
DA:18,0
DA:20,0
DA:26,0
DA:28,0
DA:29,0
DA:32,0
DA:34,0
DA:35,0
DA:37,0
DA:38,0
DA:40,0
DA:41,0
DA:43,0
DA:44,0
DA:47,0
DA:49,0
DA:51,0
DA:54,0
DA:56,0
DA:57,0
DA:58,0
DA:59,0
DA:60,0
DA:61,0
DA:62,0
DA:63,0
DA:67,0
DA:68,0
DA:70,0
DA:71,0
DA:72,0
DA:75,0
DA:76,0
DA:79,0
DA:80,0
DA:81,0
DA:82,0
DA:83,0
DA:84,0
DA:85,0
DA:89,0
DA:90,0
DA:91,0
DA:94,0
DA:95,0
DA:96,0
DA:100,0
DA:101,0
DA:102,0
DA:104,0
DA:105,0
DA:109,0
DA:114,0
DA:115,0
DA:117,0
DA:119,0
DA:126,0
DA:127,0
DA:128,0
DA:130,0
DA:131,0
DA:132,0
DA:135,0
DA:137,0
DA:138,0
DA:140,0
DA:141,0
DA:148,0
DA:149,0
DA:150,0
DA:152,0
DA:153,0
DA:155,0
DA:156,0
DA:158,0
DA:159,0
DA:160,0
DA:162,0
DA:165,0
DA:167,0
DA:168,0
DA:169,0
DA:170,0
DA:171,0
DA:174,0
DA:175,0
DA:177,0
DA:178,0
DA:179,0
DA:182,0
DA:184,0
DA:185,0
DA:186,0
DA:189,0
DA:191,0
DA:192,0
DA:193,0
DA:196,0
DA:198,0
DA:199,0
DA:200,0
DA:203,0
DA:206,0
DA:208,0
DA:209,0
DA:210,0
DA:211,0
DA:212,0
DA:214,0
DA:215,0
DA:217,0
DA:218,0
DA:222,0
DA:224,0
DA:225,0
DA:227,0
DA:228,0
DA:229,0
DA:233,0
DA:235,0
DA:236,0
DA:237,0
DA:238,0
DA:239,0
DA:242,0
DA:243,0
DA:245,0
DA:246,0
DA:247,0
DA:250,0
DA:252,0
DA:253,0
DA:254,0
DA:257,0
DA:259,0
DA:260,0
DA:261,0
DA:264,0
DA:266,0
DA:267,0
DA:268,0
DA:271,0
DA:274,0
DA:276,0
DA:277,0
DA:278,0
DA:279,0
DA:280,0
DA:282,0
DA:283,0
DA:285,0
DA:286,0
DA:290,0
DA:292,0
DA:293,0
DA:295,0
DA:296,0
DA:297,0
DA:301,0
DA:303,0
DA:304,0
DA:305,0
DA:306,0
DA:307,0
DA:310,0
DA:311,0
DA:313,0
DA:314,0
DA:315,0
DA:318,0
DA:320,0
DA:321,0
DA:322,0
DA:325,0
DA:327,0
DA:328,0
DA:329,0
DA:332,0
DA:334,0
DA:335,0
DA:336,0
DA:339,0
DA:342,0
DA:344,0
DA:345,0
DA:346,0
DA:347,0
DA:348,0
DA:350,0
DA:351,0
DA:354,0
DA:355,0
DA:356,0
DA:360,0
DA:362,0
DA:363,0
DA:364,0
DA:365,0
DA:366,0
DA:369,0
DA:370,0
DA:371,0
DA:372,0
DA:374,0
DA:380,0
DA:383,0
DA:385,0
DA:387,0
DA:388,0
DA:389,0
DA:390,0
DA:391,0
DA:392,0
DA:395,0
DA:396,0
DA:399,0
LF:217
LH:0
end_of_record
SF:lib\agent\components\member_activity_item\member_activity_item_model.dart
DA:7,0
DA:10,0
LF:2
LH:0
end_of_record
SF:lib\agent\components\member_activity_item\member_activity_item_widget.dart
DA:9,0
DA:22,0
DA:24,0
DA:30,0
DA:32,0
DA:33,0
DA:36,0
DA:38,0
DA:39,0
DA:42,0
DA:44,0
DA:46,0
DA:49,0
DA:51,0
DA:53,0
DA:56,0
DA:57,0
DA:60,0
DA:61,0
DA:64,0
DA:65,0
DA:66,0
DA:68,0
DA:69,0
DA:72,0
DA:73,0
DA:75,0
DA:76,0
DA:80,0
DA:81,0
DA:82,0
DA:83,0
DA:84,0
DA:85,0
DA:93,0
DA:94,0
DA:95,0
DA:96,0
DA:100,0
DA:102,0
DA:104,0
DA:105,0
DA:109,0
DA:114,0
DA:115,0
DA:116,0
DA:118,0
DA:119,0
DA:120,0
DA:121,0
DA:123,0
DA:124,0
DA:125,0
DA:131,0
DA:132,0
DA:133,0
DA:137,0
DA:138,0
DA:140,0
DA:141,0
DA:142,0
DA:143,0
DA:146,0
DA:148,0
DA:150,0
DA:151,0
DA:155,0
DA:157,0
DA:158,0
DA:159,0
DA:160,0
DA:163,0
DA:165,0
DA:167,0
DA:168,0
DA:172,0
LF:76
LH:0
end_of_record
SF:lib\agent\components\member_item\member_item_model.dart
DA:6,0
DA:9,0
LF:2
LH:0
end_of_record
SF:lib\agent\components\member_item\member_item_widget.dart
DA:10,0
DA:21,0
DA:22,0
DA:28,0
DA:30,0
DA:31,0
DA:34,0
DA:36,0
DA:37,0
DA:40,0
DA:42,0
DA:44,0
DA:47,0
DA:49,0
DA:54,0
DA:55,0
DA:57,0
DA:59,0
DA:60,0
DA:61,0
DA:62,0
DA:64,0
DA:65,0
DA:72,0
DA:73,0
DA:74,0
DA:77,0
DA:78,0
DA:81,0
DA:82,0
DA:83,0
DA:84,0
DA:85,0
DA:89,0
DA:93,0
DA:96,0
DA:97,0
DA:98,0
DA:105,0
DA:106,0
DA:107,0
DA:108,0
DA:112,0
DA:113,0
DA:114,0
DA:115,0
DA:118,0
DA:120,0
DA:122,0
DA:123,0
DA:126,0
DA:128,0
DA:129,0
DA:130,0
DA:131,0
DA:134,0
DA:135,0
DA:136,0
DA:137,0
DA:138,0
DA:139,0
DA:141,0
DA:142,0
DA:146,0
DA:150,0
DA:151,0
DA:152,0
DA:153,0
DA:155,0
DA:156,0
DA:157,0
DA:158,0
DA:159,0
DA:160,0
DA:161,0
DA:164,0
DA:165,0
DA:166,0
DA:167,0
DA:169,0
DA:171,0
DA:172,0
DA:173,0
DA:174,0
DA:175,0
DA:178,0
DA:179,0
DA:188,0
DA:190,0
DA:191,0
DA:192,0
DA:193,0
DA:194,0
DA:195,0
DA:196,0
DA:199,0
DA:200,0
DA:201,0
DA:202,0
DA:204,0
DA:206,0
DA:207,0
DA:208,0
DA:209,0
DA:210,0
DA:213,0
DA:214,0
LF:107
LH:0
end_of_record
SF:lib\agent\components\notification_popup\notification_popup_model.dart
DA:11,0
DA:12,0
DA:13,0
DA:14,0
DA:23,0
DA:25,0
DA:26,0
DA:27,0
DA:28,0
DA:31,0
DA:33,0
DA:34,0
DA:35,0
LF:13
LH:0
end_of_record
SF:lib\components\notification_list_item_widget.dart
DA:9,0
DA:16,0
DA:18,0
DA:25,0
DA:27,0
DA:28,0
DA:31,0
DA:33,0
DA:34,0
DA:37,0
DA:39,0
DA:41,0
DA:44,0
DA:46,0
DA:47,0
DA:48,0
DA:50,0
DA:51,0
DA:52,0
DA:53,0
DA:54,0
DA:55,0
DA:57,0
DA:58,0
DA:65,0
DA:66,0
DA:67,0
DA:71,0
DA:72,0
DA:73,0
DA:74,0
DA:75,0
DA:79,0
DA:80,0
DA:81,0
DA:82,0
DA:85,0
DA:87,0
DA:89,0
DA:90,0
DA:93,0
DA:95,0
DA:96,0
DA:97,0
DA:98,0
DA:101,0
DA:102,0
DA:103,0
DA:104,0
DA:105,0
DA:107,0
DA:108,0
DA:112,0
DA:114,0
DA:115,0
DA:116,0
DA:117,0
DA:119,0
DA:120,0
DA:125,0
DA:126,0
DA:127,0
DA:128,0
DA:129,0
DA:131,0
DA:132,0
DA:136,0
DA:140,0
DA:141,0
DA:144,0
DA:145,0
DA:147,0
DA:148,0
DA:152,0
DA:153,0
DA:155,0
LF:76
LH:0
end_of_record
SF:lib\agent\components\notification_popup\notification_popup_widget.dart
DA:13,0
DA:15,0
DA:17,0
DA:24,0
DA:26,0
DA:27,0
DA:30,0
DA:32,0
DA:33,0
DA:35,0
DA:39,0
DA:42,0
DA:44,0
DA:46,0
DA:49,0
DA:51,0
DA:52,0
DA:53,0
DA:56,0
DA:57,0
DA:58,0
DA:59,0
DA:61,0
DA:62,0
DA:68,0
DA:70,0
DA:71,0
DA:72,0
DA:75,0
DA:76,0
DA:77,0
DA:78,0
DA:81,0
DA:82,0
DA:83,0
DA:86,0
DA:87,0
DA:88,0
DA:90,0
DA:92,0
DA:93,0
DA:94,0
DA:95,0
DA:96,0
DA:99,0
DA:100,0
DA:104,0
DA:105,0
DA:107,0
DA:109,0
DA:110,0
DA:111,0
DA:112,0
DA:113,0
DA:116,0
DA:117,0
DA:124,0
DA:125,0
DA:129,0
DA:131,0
DA:134,0
DA:135,0
DA:141,0
DA:142,0
DA:143,0
DA:144,0
DA:145,0
DA:146,0
DA:148,0
DA:150,0
DA:151,0
DA:153,0
DA:154,0
DA:155,0
DA:157,0
DA:159,0
DA:160,0
DA:162,0
DA:163,0
DA:166,0
DA:167,0
DA:168,0
DA:171,0
DA:175,0
DA:176,0
DA:177,0
DA:181,0
DA:182,0
DA:183,0
DA:184,0
DA:185,0
DA:186,0
DA:187,0
DA:188,0
DA:189,0
DA:190,0
DA:192,0
DA:195,0
DA:196,0
DA:197,0
DA:198,0
DA:199,0
DA:200,0
DA:201,0
DA:202,0
DA:205,0
DA:206,0
DA:207,0
DA:209,0
DA:211,0
DA:213,0
DA:217,0
DA:220,0
DA:222,0
DA:223,0
DA:224,0
DA:227,0
DA:229,0
DA:230,0
DA:231,0
DA:239,0
DA:240,0
DA:241,0
DA:242,0
DA:245,0
DA:250,0
DA:254,0
DA:255,0
DA:256,0
DA:257,0
DA:259,0
DA:261,0
DA:266,0
DA:268,0
DA:269,0
DA:270,0
DA:274,0
DA:275,0
DA:276,0
DA:277,0
DA:278,0
DA:281,0
DA:282,0
DA:283,0
DA:284,0
DA:285,0
DA:298,0
DA:299,0
DA:300,0
DA:301,0
DA:302,0
DA:303,0
DA:305,0
DA:308,0
DA:309,0
DA:310,0
DA:311,0
DA:312,0
DA:313,0
DA:314,0
DA:315,0
DA:318,0
DA:319,0
DA:320,0
DA:322,0
DA:324,0
DA:326,0
DA:329,0
DA:331,0
DA:332,0
DA:333,0
DA:336,0
DA:338,0
DA:339,0
DA:340,0
DA:348,0
DA:349,0
DA:350,0
DA:351,0
DA:354,0
DA:359,0
DA:363,0
DA:364,0
DA:365,0
DA:366,0
DA:368,0
DA:370,0
DA:375,0
DA:377,0
DA:378,0
DA:379,0
DA:383,0
DA:384,0
DA:385,0
DA:386,0
DA:387,0
DA:390,0
DA:391,0
DA:392,0
DA:393,0
DA:394,0
LF:201
LH:0
end_of_record
SF:lib\agent\components\profile_sheet\profile_sheet_model.dart
DA:6,0
DA:9,0
LF:2
LH:0
end_of_record
SF:lib\agent\components\profile_sheet\profile_sheet_widget.dart
DA:14,0
DA:16,0
DA:17,0
DA:26,0
DA:28,0
DA:29,0
DA:32,0
DA:34,0
DA:35,0
DA:37,0
DA:38,0
DA:41,0
DA:42,0
DA:44,0
DA:45,0
DA:46,0
DA:47,0
DA:52,0
DA:53,0
DA:54,0
DA:55,0
DA:60,0
DA:62,0
DA:64,0
DA:67,0
DA:69,0
DA:71,0
DA:72,0
DA:73,0
DA:74,0
DA:75,0
DA:76,0
DA:77,0
DA:78,0
DA:81,0
DA:82,0
DA:83,0
DA:84,0
DA:87,0
DA:88,0
DA:91,0
DA:93,0
DA:95,0
DA:96,0
DA:101,0
DA:102,0
DA:105,0
DA:106,0
DA:107,0
DA:108,0
DA:109,0
DA:110,0
DA:114,0
DA:115,0
DA:116,0
DA:117,0
DA:118,0
DA:119,0
DA:120,0
DA:121,0
DA:122,0
DA:124,0
DA:126,0
DA:131,0
DA:132,0
DA:133,0
DA:134,0
DA:136,0
DA:138,0
DA:143,0
DA:144,0
DA:145,0
DA:148,0
DA:150,0
DA:151,0
DA:153,0
DA:154,0
DA:160,0
DA:163,0
DA:164,0
DA:176,0
DA:181,0
DA:182,0
DA:184,0
DA:186,0
DA:188,0
DA:189,0
DA:191,0
DA:194,0
DA:195,0
DA:197,0
DA:199,0
DA:201,0
DA:202,0
DA:206,0
DA:208,0
DA:211,0
DA:214,0
DA:219,0
DA:220,0
DA:222,0
DA:224,0
DA:225,0
DA:229,0
DA:232,0
DA:234,0
DA:235,0
DA:237,0
DA:240,0
DA:241,0
DA:243,0
DA:245,0
DA:247,0
DA:248,0
DA:252,0
DA:254,0
DA:257,0
DA:260,0
DA:265,0
DA:266,0
DA:268,0
DA:270,0
DA:271,0
DA:275,0
DA:276,0
DA:279,0
DA:282,0
DA:284,0
DA:285,0
DA:287,0
DA:290,0
DA:291,0
DA:293,0
DA:295,0
DA:297,0
DA:298,0
DA:302,0
DA:304,0
DA:307,0
DA:311,0
DA:313,0
DA:314,0
DA:316,0
DA:319,0
DA:320,0
DA:322,0
DA:324,0
DA:326,0
DA:327,0
DA:331,0
DA:333,0
DA:336,0
DA:339,0
DA:341,0
DA:342,0
DA:344,0
DA:347,0
DA:348,0
DA:350,0
DA:352,0
DA:354,0
DA:355,0
DA:359,0
DA:361,0
DA:364,0
DA:366,0
DA:371,0
DA:372,0
DA:373,0
DA:374,0
DA:376,0
DA:377,0
DA:379,0
DA:381,0
DA:382,0
DA:384,0
DA:387,0
DA:388,0
DA:391,0
DA:392,0
DA:394,0
DA:395,0
DA:396,0
DA:397,0
DA:398,0
DA:400,0
DA:401,0
DA:404,0
DA:405,0
DA:406,0
DA:407,0
DA:408,0
DA:409,0
DA:410,0
DA:411,0
DA:412,0
DA:414,0
DA:415,0
DA:421,0
DA:424,0
DA:426,0
DA:429,0
DA:431,0
DA:432,0
DA:433,0
DA:435,0
DA:437,0
DA:438,0
DA:440,0
DA:441,0
DA:445,0
DA:447,0
DA:448,0
DA:449,0
DA:450,0
DA:451,0
DA:454,0
DA:457,0
LF:218
LH:0
end_of_record
SF:lib\agent\pages\agent_dashboard\agent_dashboard_model.dart
DA:15,0
DA:16,0
DA:17,0
DA:18,0
DA:19,0
DA:20,0
DA:21,0
DA:23,0
DA:24,0
DA:26,0
DA:50,0
DA:52,0
DA:53,0
DA:54,0
DA:55,0
DA:56,0
DA:59,0
DA:61,0
DA:62,0
DA:63,0
LF:20
LH:0
end_of_record
SF:lib\agent\pages\agent_dashboard\agent_dashboard_widget.dart
DA:24,0
DA:29,0
DA:30,0
DA:38,0
DA:40,0
DA:41,0
DA:44,0
DA:45,0
DA:46,0
DA:48,0
DA:51,0
DA:52,0
DA:53,0
DA:54,0
DA:59,0
DA:60,0
DA:61,0
DA:63,0
DA:64,0
DA:65,0
DA:69,0
DA:70,0
DA:71,0
DA:72,0
DA:73,0
DA:74,0
DA:76,0
DA:84,0
DA:85,0
DA:86,0
DA:89,0
DA:90,0
DA:91,0
DA:92,0
DA:95,0
DA:96,0
DA:97,0
DA:98,0
DA:99,0
DA:101,0
DA:102,0
DA:103,0
DA:104,0
DA:106,0
DA:107,0
DA:108,0
DA:110,0
DA:111,0
DA:114,0
DA:115,0
DA:120,0
DA:121,0
DA:122,0
DA:124,0
DA:125,0
DA:128,0
DA:129,0
DA:134,0
DA:136,0
DA:137,0
DA:138,0
DA:140,0
DA:141,0
DA:142,0
DA:146,0
DA:147,0
DA:148,0
DA:149,0
DA:150,0
DA:151,0
DA:153,0
DA:154,0
DA:155,0
DA:157,0
DA:159,0
DA:160,0
DA:161,0
DA:163,0
DA:164,0
DA:165,0
DA:168,0
DA:169,0
DA:173,0
DA:174,0
DA:175,0
DA:176,0
DA:178,0
DA:179,0
DA:191,0
DA:193,0
DA:195,0
DA:198,0
DA:200,0
DA:201,0
DA:202,0
DA:203,0
DA:204,0
DA:206,0
DA:207,0
DA:208,0
DA:209,0
DA:210,0
DA:211,0
DA:212,0
DA:213,0
DA:219,0
DA:220,0
DA:221,0
DA:222,0
DA:223,0
DA:225,0
DA:226,0
DA:227,0
DA:228,0
DA:229,0
DA:231,0
DA:233,0
DA:234,0
DA:236,0
DA:242,0
DA:244,0
DA:246,0
DA:248,0
DA:253,0
DA:255,0
DA:256,0
DA:257,0
DA:258,0
DA:259,0
DA:260,0
DA:265,0
DA:269,0
DA:270,0
DA:272,0
DA:275,0
DA:276,0
DA:277,0
DA:279,0
DA:280,0
DA:281,0
DA:282,0
DA:285,0
DA:286,0
DA:287,0
DA:290,0
DA:291,0
DA:295,0
DA:296,0
DA:297,0
DA:298,0
DA:299,0
DA:300,0
DA:301,0
DA:303,0
DA:305,0
DA:306,0
DA:308,0
DA:310,0
DA:311,0
DA:312,0
DA:313,0
DA:315,0
DA:317,0
DA:318,0
DA:322,0
DA:324,0
DA:325,0
DA:329,0
DA:330,0
DA:331,0
DA:332,0
DA:333,0
DA:335,0
DA:337,0
DA:347,0
DA:348,0
DA:350,0
DA:352,0
DA:354,0
DA:355,0
DA:356,0
DA:359,0
DA:360,0
DA:361,0
DA:368,0
DA:370,0
DA:371,0
DA:374,0
DA:375,0
DA:376,0
DA:378,0
DA:379,0
DA:380,0
DA:381,0
DA:382,0
DA:383,0
DA:385,0
DA:386,0
DA:387,0
DA:389,0
DA:391,0
DA:392,0
DA:394,0
DA:395,0
DA:399,0
DA:401,0
DA:402,0
DA:403,0
DA:404,0
DA:405,0
DA:406,0
DA:407,0
DA:408,0
DA:410,0
DA:416,0
DA:417,0
DA:423,0
DA:424,0
DA:425,0
DA:426,0
DA:427,0
DA:428,0
DA:430,0
DA:431,0
DA:433,0
DA:437,0
DA:443,0
DA:444,0
DA:445,0
DA:446,0
DA:447,0
DA:448,0
DA:454,0
DA:455,0
DA:456,0
DA:457,0
DA:458,0
DA:459,0
LF:238
LH:0
end_of_record
SF:lib\components\custom_loading_indicator_widget.dart
DA:9,0
DA:16,0
DA:18,0
DA:25,0
DA:27,0
DA:28,0
DA:31,0
DA:33,0
DA:34,0
DA:37,0
DA:39,0
DA:41,0
DA:44,0
DA:46,0
DA:47,0
DA:50,0
DA:52,0
DA:53,0
DA:54,0
DA:57,0
DA:60,0
DA:64,0
DA:65,0
DA:66,0
DA:67,0
DA:68,0
DA:69,0
DA:72,0
DA:76,0
LF:29
LH:0
end_of_record
SF:lib\agent\pages\agent_invite_page\agent_invite_page_model.dart
DA:12,0
DA:13,0
DA:17,0
DA:18,0
DA:33,0
DA:36,0
DA:38,0
DA:39,0
LF:8
LH:0
end_of_record
SF:lib\agent\pages\agent_invite_page\agent_invite_page_widget.dart
DA:16,0
DA:21,0
DA:22,0
DA:30,0
DA:32,0
DA:33,0
DA:35,0
DA:36,0
DA:39,0
DA:41,0
DA:43,0
DA:46,0
DA:48,0
DA:50,0
DA:51,0
DA:52,0
DA:53,0
DA:55,0
DA:56,0
DA:57,0
DA:58,0
DA:59,0
DA:61,0
DA:63,0
DA:65,0
DA:66,0
DA:67,0
DA:71,0
DA:74,0
DA:78,0
DA:80,0
DA:81,0
DA:83,0
DA:84,0
DA:85,0
DA:87,0
DA:90,0
DA:91,0
DA:94,0
DA:95,0
DA:97,0
DA:100,0
DA:103,0
DA:104,0
DA:105,0
DA:106,0
DA:107,0
DA:109,0
DA:110,0
DA:113,0
DA:116,0
DA:117,0
DA:118,0
DA:119,0
DA:120,0
DA:122,0
DA:124,0
DA:125,0
DA:128,0
DA:130,0
DA:132,0
DA:133,0
DA:135,0
DA:136,0
DA:137,0
DA:141,0
DA:143,0
DA:144,0
DA:145,0
DA:146,0
DA:147,0
DA:149,0
DA:150,0
DA:152,0
DA:153,0
DA:154,0
DA:157,0
DA:159,0
DA:160,0
DA:161,0
DA:164,0
DA:166,0
DA:167,0
DA:168,0
DA:171,0
DA:173,0
DA:174,0
DA:175,0
DA:178,0
DA:181,0
DA:183,0
DA:184,0
DA:185,0
DA:186,0
DA:187,0
DA:189,0
DA:190,0
DA:193,0
DA:194,0
DA:198,0
DA:199,0
DA:200,0
DA:201,0
DA:202,0
DA:203,0
DA:205,0
DA:208,0
DA:210,0
DA:211,0
DA:212,0
DA:213,0
DA:214,0
DA:216,0
DA:217,0
DA:218,0
DA:219,0
DA:220,0
DA:221,0
DA:223,0
DA:225,0
DA:230,0
DA:231,0
DA:232,0
DA:233,0
DA:234,0
DA:239,0
DA:240,0
DA:241,0
DA:242,0
DA:245,0
DA:247,0
DA:248,0
DA:249,0
DA:250,0
DA:251,0
DA:254,0
DA:255,0
DA:256,0
DA:257,0
DA:259,0
DA:260,0
DA:261,0
DA:264,0
DA:266,0
DA:269,0
DA:271,0
DA:272,0
DA:276,0
DA:277,0
DA:278,0
DA:279,0
DA:280,0
DA:281,0
DA:282,0
DA:284,0
DA:285,0
DA:287,0
DA:288,0
DA:296,0
DA:297,0
DA:304,0
DA:306,0
DA:307,0
DA:308,0
DA:309,0
DA:310,0
DA:311,0
DA:312,0
DA:315,0
DA:317,0
DA:322,0
DA:325,0
DA:328,0
DA:330,0
DA:332,0
DA:333,0
DA:334,0
DA:335,0
DA:336,0
DA:337,0
DA:340,0
DA:341,0
DA:344,0
DA:348,0
DA:350,0
DA:352,0
LF:186
LH:0
end_of_record
SF:lib\app_components\custom_dialog\custom_dialog_widget.dart
DA:11,0
DA:29,0
DA:30,0
DA:39,0
DA:41,0
DA:42,0
DA:45,0
DA:47,0
DA:48,0
DA:50,0
DA:51,0
DA:53,0
DA:54,0
DA:55,0
DA:57,0
DA:58,0
DA:59,0
DA:60,0
DA:67,0
DA:69,0
DA:71,0
DA:74,0
DA:76,0
DA:77,0
DA:78,0
DA:80,0
DA:81,0
DA:82,0
DA:83,0
DA:84,0
DA:85,0
DA:86,0
DA:89,0
DA:90,0
DA:91,0
DA:94,0
DA:95,0
DA:98,0
DA:99,0
DA:102,0
DA:103,0
DA:104,0
DA:105,0
DA:106,0
DA:108,0
DA:109,0
DA:110,0
DA:111,0
DA:112,0
DA:113,0
DA:118,0
DA:119,0
DA:120,0
DA:121,0
DA:125,0
DA:126,0
DA:130,0
DA:131,0
DA:132,0
DA:133,0
DA:134,0
DA:138,0
DA:140,0
DA:142,0
DA:143,0
DA:147,0
DA:149,0
DA:150,0
DA:151,0
DA:152,0
DA:154,0
DA:155,0
DA:158,0
DA:161,0
DA:163,0
DA:164,0
DA:165,0
DA:167,0
DA:170,0
DA:173,0
DA:177,0
DA:180,0
LF:82
LH:0
end_of_record
SF:lib\agent\pages\agent_offers\agent_offers_model.dart
DA:15,0
DA:16,0
DA:17,0
DA:18,0
DA:32,0
DA:34,0
DA:35,0
DA:36,0
DA:37,0
DA:38,0
DA:39,0
DA:40,0
DA:41,0
DA:44,0
DA:46,0
DA:47,0
DA:48,0
DA:49,0
DA:50,0
DA:54,0
DA:58,0
DA:60,0
DA:61,0
DA:62,0
DA:63,0
DA:69,0
DA:73,0
DA:75,0
DA:76,0
DA:77,0
DA:78,0
DA:84,0
DA:88,0
DA:90,0
DA:91,0
DA:92,0
DA:93,0
LF:37
LH:0
end_of_record
SF:lib\seller\offers\components\seller_offer_item\seller_offer_item_widget.dart
DA:13,0
DA:30,0
DA:31,0
DA:37,0
DA:39,0
DA:40,0
DA:43,0
DA:45,0
DA:46,0
DA:49,0
DA:51,0
DA:53,0
DA:56,0
DA:58,0
DA:60,0
DA:61,0
DA:62,0
DA:63,0
DA:68,0
DA:69,0
DA:71,0
DA:74,0
DA:75,0
DA:77,0
DA:78,0
DA:79,0
DA:81,0
DA:82,0
DA:83,0
DA:84,0
DA:86,0
DA:87,0
DA:93,0
DA:95,0
DA:97,0
DA:98,0
DA:99,0
DA:100,0
DA:101,0
DA:102,0
DA:103,0
DA:105,0
DA:106,0
DA:107,0
DA:108,0
DA:109,0
DA:110,0
DA:119,0
DA:120,0
DA:121,0
DA:123,0
DA:124,0
DA:126,0
DA:127,0
DA:129,0
DA:130,0
DA:131,0
DA:132,0
DA:133,0
DA:136,0
DA:137,0
DA:138,0
DA:140,0
DA:141,0
DA:142,0
DA:143,0
DA:147,0
DA:148,0
DA:156,0
DA:157,0
DA:159,0
DA:163,0
DA:164,0
DA:165,0
DA:167,0
DA:170,0
DA:171,0
DA:172,0
DA:173,0
DA:174,0
DA:181,0
DA:182,0
DA:183,0
DA:185,0
DA:186,0
DA:187,0
DA:188,0
DA:190,0
DA:192,0
DA:193,0
DA:195,0
DA:197,0
DA:199,0
DA:201,0
DA:203,0
DA:208,0
DA:209,0
DA:212,0
DA:213,0
DA:215,0
DA:219,0
DA:220,0
DA:221,0
DA:222,0
DA:224,0
DA:225,0
DA:227,0
DA:229,0
DA:231,0
DA:233,0
DA:237,0
DA:239,0
DA:240,0
DA:241,0
DA:242,0
DA:243,0
DA:244,0
DA:246,0
DA:247,0
DA:249,0
DA:250,0
DA:259,0
DA:260,0
DA:261,0
DA:263,0
DA:265,0
DA:272,0
DA:274,0
DA:277,0
DA:279,0
DA:282,0
DA:284,0
DA:285,0
DA:287,0
DA:291,0
DA:293,0
DA:294,0
DA:301,0
DA:303,0
DA:304,0
DA:311,0
DA:312,0
DA:313,0
DA:315,0
DA:316,0
DA:318,0
DA:320,0
DA:322,0
DA:324,0
DA:328,0
DA:330,0
DA:331,0
DA:332,0
DA:333,0
DA:334,0
DA:335,0
DA:337,0
DA:338,0
DA:342,0
DA:343,0
DA:344,0
DA:346,0
DA:348,0
DA:355,0
DA:357,0
DA:360,0
DA:362,0
DA:365,0
DA:367,0
DA:368,0
DA:370,0
DA:374,0
DA:376,0
DA:377,0
DA:384,0
DA:386,0
DA:387,0
DA:394,0
DA:395,0
DA:396,0
DA:398,0
DA:399,0
DA:401,0
DA:403,0
DA:405,0
DA:407,0
DA:411,0
DA:413,0
DA:414,0
DA:415,0
DA:416,0
DA:417,0
DA:418,0
DA:420,0
DA:421,0
DA:425,0
DA:426,0
DA:427,0
DA:429,0
DA:431,0
DA:435,0
DA:437,0
DA:441,0
DA:443,0
DA:444,0
DA:446,0
DA:448,0
DA:455,0
DA:456,0
DA:463,0
DA:466,0
DA:467,0
DA:469,0
DA:470,0
DA:471,0
DA:473,0
DA:478,0
DA:479,0
DA:480,0
DA:482,0
DA:483,0
DA:484,0
DA:485,0
DA:489,0
DA:490,0
LF:225
LH:0
end_of_record
SF:lib\agent\pages\agent_offers\agent_offers_widget.dart
DA:22,0
DA:32,0
DA:33,0
DA:42,0
DA:44,0
DA:45,0
DA:48,0
DA:49,0
DA:50,0
DA:53,0
DA:57,0
DA:60,0
DA:62,0
DA:64,0
DA:67,0
DA:69,0
DA:70,0
DA:71,0
DA:72,0
DA:74,0
DA:75,0
DA:76,0
DA:77,0
DA:78,0
DA:80,0
DA:82,0
DA:84,0
DA:85,0
DA:86,0
DA:90,0
DA:93,0
DA:97,0
DA:99,0
DA:101,0
DA:102,0
DA:103,0
DA:104,0
DA:105,0
DA:109,0
DA:110,0
DA:111,0
DA:112,0
DA:113,0
DA:114,0
DA:115,0
DA:117,0
DA:118,0
DA:119,0
DA:120,0
DA:121,0
DA:125,0
DA:126,0
DA:128,0
DA:130,0
DA:132,0
DA:133,0
DA:134,0
DA:135,0
DA:136,0
DA:140,0
DA:142,0
DA:143,0
DA:144,0
DA:147,0
DA:150,0
DA:154,0
DA:155,0
DA:156,0
DA:160,0
DA:161,0
DA:162,0
DA:163,0
DA:164,0
DA:165,0
DA:166,0
DA:168,0
DA:169,0
DA:170,0
DA:171,0
DA:172,0
DA:173,0
DA:174,0
DA:176,0
DA:177,0
DA:179,0
DA:180,0
DA:181,0
DA:185,0
DA:187,0
DA:189,0
DA:190,0
DA:197,0
DA:199,0
DA:200,0
DA:203,0
DA:204,0
DA:205,0
DA:208,0
DA:211,0
DA:212,0
DA:213,0
DA:215,0
DA:216,0
DA:217,0
DA:218,0
DA:219,0
DA:221,0
DA:222,0
DA:223,0
DA:224,0
DA:225,0
DA:229,0
DA:234,0
DA:236,0
DA:237,0
DA:239,0
DA:240,0
DA:241,0
DA:242,0
DA:243,0
DA:245,0
DA:246,0
DA:248,0
DA:253,0
DA:254,0
DA:255,0
DA:256,0
DA:259,0
DA:261,0
DA:262,0
DA:263,0
DA:264,0
DA:265,0
DA:266,0
DA:267,0
DA:268,0
DA:270,0
DA:273,0
DA:274,0
DA:275,0
DA:277,0
DA:278,0
DA:279,0
DA:284,0
DA:286,0
DA:288,0
DA:290,0
DA:291,0
DA:294,0
DA:295,0
DA:296,0
DA:298,0
DA:299,0
DA:302,0
DA:303,0
DA:304,0
DA:306,0
DA:307,0
DA:308,0
DA:310,0
DA:311,0
DA:312,0
DA:314,0
DA:315,0
DA:318,0
DA:319,0
DA:323,0
DA:324,0
DA:325,0
DA:328,0
DA:329,0
DA:331,0
DA:333,0
DA:334,0
DA:335,0
DA:338,0
DA:339,0
DA:340,0
DA:343,0
DA:344,0
DA:345,0
DA:348,0
DA:349,0
DA:350,0
DA:355,0
DA:358,0
DA:359,0
DA:360,0
DA:362,0
DA:363,0
DA:365,0
DA:369,0
DA:371,0
DA:378,0
DA:384,0
DA:385,0
DA:387,0
DA:388,0
DA:389,0
DA:394,0
DA:398,0
DA:400,0
DA:401,0
DA:412,0
DA:413,0
DA:414,0
DA:415,0
DA:417,0
DA:419,0
DA:420,0
DA:421,0
DA:424,0
DA:426,0
DA:429,0
DA:431,0
DA:432,0
DA:436,0
DA:437,0
DA:444,0
DA:445,0
DA:446,0
DA:461,0
DA:462,0
DA:463,0
DA:465,0
DA:466,0
DA:467,0
DA:468,0
DA:469,0
DA:470,0
DA:471,0
DA:473,0
DA:474,0
DA:476,0
DA:477,0
DA:478,0
DA:482,0
DA:484,0
DA:486,0
DA:487,0
DA:494,0
DA:496,0
DA:497,0
DA:500,0
DA:501,0
DA:502,0
DA:505,0
DA:508,0
DA:509,0
DA:510,0
DA:511,0
DA:514,0
DA:515,0
DA:516,0
DA:517,0
DA:518,0
DA:520,0
DA:521,0
DA:522,0
DA:523,0
DA:524,0
DA:528,0
DA:533,0
DA:535,0
DA:536,0
DA:538,0
DA:539,0
DA:540,0
DA:541,0
DA:542,0
DA:544,0
DA:545,0
DA:547,0
DA:552,0
DA:553,0
DA:554,0
DA:555,0
DA:558,0
DA:560,0
DA:561,0
DA:562,0
DA:563,0
DA:564,0
DA:565,0
DA:566,0
DA:567,0
DA:569,0
DA:572,0
DA:573,0
DA:574,0
DA:576,0
DA:577,0
DA:578,0
DA:583,0
DA:585,0
DA:587,0
DA:589,0
DA:590,0
DA:593,0
DA:594,0
DA:595,0
DA:597,0
DA:598,0
DA:601,0
DA:602,0
DA:603,0
DA:605,0
DA:606,0
DA:607,0
DA:609,0
DA:610,0
DA:611,0
DA:613,0
DA:614,0
DA:617,0
DA:618,0
DA:622,0
DA:623,0
DA:624,0
DA:627,0
DA:628,0
DA:630,0
DA:632,0
DA:633,0
DA:634,0
DA:637,0
DA:638,0
DA:639,0
DA:642,0
DA:643,0
DA:644,0
DA:647,0
DA:648,0
DA:649,0
DA:654,0
DA:657,0
DA:658,0
DA:659,0
DA:661,0
DA:662,0
DA:664,0
DA:668,0
DA:670,0
DA:677,0
DA:683,0
DA:684,0
DA:686,0
DA:687,0
DA:688,0
DA:693,0
DA:697,0
DA:699,0
DA:713,0
DA:714,0
DA:715,0
DA:717,0
DA:718,0
DA:719,0
DA:720,0
DA:721,0
DA:722,0
DA:723,0
DA:725,0
DA:726,0
DA:728,0
DA:729,0
DA:730,0
DA:734,0
DA:736,0
DA:738,0
DA:739,0
DA:746,0
DA:748,0
DA:749,0
DA:752,0
DA:753,0
DA:754,0
DA:757,0
DA:760,0
DA:761,0
DA:762,0
DA:763,0
DA:766,0
DA:767,0
DA:768,0
DA:769,0
DA:770,0
DA:772,0
DA:773,0
DA:774,0
DA:775,0
DA:776,0
DA:780,0
DA:785,0
DA:787,0
DA:788,0
DA:790,0
DA:791,0
DA:792,0
DA:793,0
DA:794,0
DA:796,0
DA:797,0
DA:799,0
DA:804,0
DA:805,0
DA:806,0
DA:807,0
DA:810,0
DA:812,0
DA:813,0
DA:814,0
DA:815,0
DA:816,0
DA:817,0
DA:818,0
DA:819,0
DA:821,0
DA:824,0
DA:825,0
DA:826,0
DA:828,0
DA:829,0
DA:830,0
DA:835,0
DA:837,0
DA:839,0
DA:841,0
DA:842,0
DA:845,0
DA:846,0
DA:847,0
DA:849,0
DA:850,0
DA:853,0
DA:854,0
DA:855,0
DA:857,0
DA:858,0
DA:859,0
DA:861,0
DA:862,0
DA:863,0
DA:865,0
DA:866,0
DA:869,0
DA:870,0
DA:874,0
DA:875,0
DA:876,0
DA:879,0
DA:880,0
DA:882,0
DA:884,0
DA:885,0
DA:886,0
DA:889,0
DA:890,0
DA:891,0
DA:894,0
DA:895,0
DA:896,0
DA:899,0
DA:900,0
DA:901,0
DA:906,0
DA:909,0
DA:910,0
DA:911,0
DA:913,0
DA:914,0
DA:916,0
DA:920,0
DA:922,0
DA:929,0
DA:935,0
DA:936,0
DA:938,0
DA:939,0
DA:940,0
DA:945,0
DA:949,0
DA:951,0
DA:971,0
DA:975,0
DA:976,0
DA:977,0
DA:978,0
LF:488
LH:0
end_of_record
SF:lib\flutter_flow\flutter_flow_button_tabbar.dart
DA:15,0
DA:27,0
DA:29,0
DA:34,0
DA:35,0
DA:38,0
DA:39,0
DA:40,0
DA:41,0
DA:43,0
DA:44,0
DA:45,0
DA:46,0
DA:48,0
DA:49,0
DA:52,0
DA:60,0
DA:63,0
DA:73,0
DA:75,0
DA:76,0
DA:77,0
DA:78,0
DA:79,0
DA:80,0
DA:81,0
DA:82,0
DA:86,0
DA:89,0
DA:90,0
DA:95,0
DA:99,0
DA:101,0
DA:117,0
DA:118,0
DA:121,0
DA:122,0
DA:125,0
DA:126,0
DA:127,0
DA:132,0
DA:134,0
DA:135,0
DA:136,0
DA:137,0
DA:138,0
DA:139,0
DA:143,0
DA:145,0
DA:148,0
DA:150,0
DA:151,0
DA:152,0
DA:153,0
DA:154,0
DA:164,0
DA:169,0
DA:180,0
DA:183,0
DA:184,0
DA:193,0
DA:194,0
DA:195,0
DA:196,0
DA:199,0
DA:203,0
DA:204,0
DA:211,0
DA:215,0
DA:218,0
DA:222,0
DA:236,0
DA:354,0
DA:357,0
DA:358,0
DA:359,0
DA:360,0
DA:363,0
DA:364,0
DA:367,0
DA:369,0
DA:388,0
DA:390,0
DA:393,0
DA:397,0
DA:401,0
DA:402,0
DA:403,0
DA:404,0
DA:405,0
DA:413,0
DA:415,0
DA:417,0
DA:418,0
DA:420,0
DA:421,0
DA:422,0
DA:424,0
DA:429,0
DA:431,0
DA:435,0
DA:436,0
DA:437,0
DA:439,0
DA:440,0
DA:441,0
DA:442,0
DA:443,0
DA:447,0
DA:448,0
DA:450,0
DA:451,0
DA:452,0
DA:453,0
DA:457,0
DA:459,0
DA:460,0
DA:461,0
DA:462,0
DA:465,0
DA:467,0
DA:468,0
DA:469,0
DA:470,0
DA:472,0
DA:473,0
DA:474,0
DA:475,0
DA:480,0
DA:481,0
DA:482,0
DA:483,0
DA:484,0
DA:488,0
DA:490,0
DA:491,0
DA:492,0
DA:493,0
DA:495,0
DA:497,0
DA:500,0
DA:502,0
DA:504,0
DA:507,0
DA:509,0
DA:510,0
DA:511,0
DA:512,0
DA:514,0
DA:515,0
DA:519,0
DA:520,0
DA:523,0
DA:524,0
DA:525,0
DA:526,0
DA:529,0
DA:531,0
DA:534,0
DA:535,0
DA:536,0
DA:537,0
DA:540,0
DA:542,0
DA:543,0
DA:544,0
DA:545,0
DA:548,0
DA:549,0
DA:551,0
DA:553,0
DA:555,0
DA:557,0
DA:560,0
DA:564,0
DA:567,0
DA:570,0
DA:571,0
DA:572,0
DA:574,0
DA:575,0
DA:579,0
DA:580,0
DA:581,0
DA:582,0
DA:583,0
DA:584,0
DA:585,0
DA:588,0
DA:594,0
DA:596,0
DA:597,0
DA:598,0
DA:602,0
DA:604,0
DA:605,0
DA:608,0
DA:609,0
DA:610,0
DA:611,0
DA:614,0
DA:615,0
DA:618,0
DA:619,0
DA:620,0
DA:621,0
DA:626,0
DA:627,0
DA:628,0
DA:629,0
DA:630,0
DA:631,0
DA:633,0
DA:634,0
DA:635,0
DA:636,0
DA:637,0
DA:641,0
DA:642,0
DA:644,0
DA:645,0
DA:647,0
DA:648,0
DA:649,0
DA:650,0
DA:652,0
DA:653,0
DA:654,0
DA:656,0
DA:658,0
DA:659,0
DA:660,0
DA:662,0
DA:663,0
DA:664,0
DA:666,0
DA:670,0
DA:671,0
DA:673,0
DA:674,0
DA:675,0
DA:676,0
DA:677,0
DA:678,0
DA:682,0
DA:683,0
DA:684,0
DA:685,0
DA:686,0
DA:687,0
DA:692,0
DA:693,0
DA:694,0
DA:695,0
DA:696,0
DA:703,0
DA:704,0
DA:707,0
DA:708,0
DA:709,0
DA:710,0
DA:711,0
DA:712,0
DA:715,0
DA:716,0
DA:717,0
DA:718,0
DA:720,0
DA:721,0
DA:726,0
DA:727,0
DA:729,0
DA:731,0
DA:733,0
DA:737,0
DA:739,0
DA:740,0
DA:749,0
DA:750,0
DA:753,0
DA:754,0
DA:755,0
DA:758,0
DA:759,0
DA:760,0
DA:761,0
DA:762,0
DA:766,0
DA:768,0
DA:772,0
DA:774,0
DA:776,0
DA:777,0
DA:778,0
DA:779,0
DA:780,0
DA:785,0
DA:786,0
DA:789,0
DA:794,0
DA:795,0
DA:796,0
DA:800,0
DA:801,0
DA:802,0
DA:803,0
DA:804,0
DA:805,0
DA:809,0
DA:810,0
DA:811,0
DA:812,0
DA:813,0
DA:815,0
DA:816,0
DA:817,0
DA:820,0
DA:823,0
DA:828,0
DA:829,0
DA:835,0
DA:836,0
DA:837,0
DA:838,0
DA:840,0
DA:841,0
DA:842,0
DA:845,0
DA:846,0
DA:847,0
LF:330
LH:0
end_of_record
SF:lib\seller\offers\components\seller_counter_sheet\seller_counter_sheet_widget.dart
DA:11,0
DA:20,0
DA:22,0
DA:28,0
DA:30,0
DA:31,0
DA:34,0
DA:36,0
DA:37,0
DA:40,0
DA:42,0
DA:44,0
DA:47,0
DA:49,0
DA:52,0
DA:53,0
DA:54,0
DA:55,0
DA:56,0
DA:57,0
DA:60,0
DA:62,0
DA:63,0
DA:64,0
DA:65,0
DA:66,0
DA:67,0
DA:68,0
DA:71,0
DA:72,0
DA:73,0
DA:76,0
DA:77,0
DA:80,0
DA:81,0
DA:83,0
DA:84,0
DA:87,0
DA:88,0
DA:89,0
DA:95,0
DA:96,0
DA:97,0
DA:98,0
DA:102,0
DA:105,0
DA:111,0
DA:112,0
DA:113,0
DA:117,0
DA:121,0
DA:122,0
DA:123,0
DA:124,0
DA:127,0
DA:131,0
DA:133,0
DA:134,0
DA:135,0
DA:136,0
DA:137,0
DA:139,0
DA:140,0
DA:142,0
DA:143,0
DA:146,0
DA:147,0
DA:150,0
DA:153,0
DA:154,0
DA:155,0
DA:156,0
DA:160,0
DA:164,0
DA:166,0
DA:167,0
DA:168,0
DA:169,0
DA:170,0
DA:172,0
DA:174,0
DA:176,0
DA:177,0
DA:180,0
DA:184,0
DA:189,0
LF:86
LH:0
end_of_record
SF:lib\agent\pages\agent_subscription\agent_subscription_model.dart
DA:25,0
DA:27,0
DA:30,0
DA:32,0
LF:4
LH:0
end_of_record
SF:lib\agent\pages\agent_subscription\agent_subscription_widget.dart
DA:17,0
DA:27,0
DA:29,0
DA:37,0
DA:39,0
DA:40,0
DA:43,0
DA:44,0
DA:46,0
DA:47,0
DA:48,0
DA:52,0
DA:53,0
DA:54,0
DA:55,0
DA:56,0
DA:57,0
DA:59,0
DA:67,0
DA:68,0
DA:70,0
DA:73,0
DA:74,0
DA:75,0
DA:76,0
DA:81,0
DA:82,0
DA:83,0
DA:84,0
DA:85,0
DA:89,0
DA:91,0
DA:93,0
DA:96,0
DA:98,0
DA:99,0
DA:100,0
DA:101,0
DA:102,0
DA:104,0
DA:105,0
DA:106,0
DA:107,0
DA:108,0
DA:110,0
DA:112,0
DA:114,0
DA:116,0
DA:117,0
DA:121,0
DA:124,0
DA:128,0
DA:130,0
DA:131,0
DA:132,0
DA:135,0
DA:136,0
DA:139,0
DA:140,0
DA:143,0
DA:144,0
DA:145,0
DA:147,0
DA:148,0
DA:151,0
DA:153,0
DA:155,0
DA:156,0
DA:157,0
DA:159,0
DA:160,0
DA:166,0
DA:168,0
DA:169,0
DA:170,0
DA:174,0
DA:175,0
DA:176,0
DA:177,0
DA:179,0
DA:180,0
DA:181,0
DA:185,0
DA:186,0
DA:187,0
DA:191,0
DA:192,0
DA:194,0
DA:196,0
DA:197,0
DA:199,0
DA:201,0
DA:202,0
DA:204,0
DA:208,0
DA:210,0
DA:213,0
DA:214,0
DA:215,0
DA:217,0
DA:218,0
DA:219,0
DA:220,0
DA:222,0
DA:224,0
DA:225,0
DA:226,0
DA:228,0
DA:230,0
DA:235,0
DA:236,0
DA:239,0
DA:242,0
DA:243,0
DA:244,0
DA:246,0
DA:247,0
DA:250,0
DA:251,0
DA:258,0
DA:260,0
DA:261,0
DA:263,0
DA:264,0
DA:265,0
DA:267,0
DA:269,0
DA:270,0
DA:271,0
DA:274,0
DA:284,0
DA:285,0
[...]
DA:606,0
DA:609,0
DA:615,0
DA:616,0
DA:617,0
DA:618,0
DA:619,0
DA:620,0
DA:621,0
DA:622,0
DA:625,0
DA:627,0
DA:628,0
DA:630,0
DA:632,0
DA:633,0
DA:634,0
DA:635,0
DA:636,0
DA:637,0
DA:638,0
DA:639,0
DA:640,0
DA:641,0
DA:642,0
DA:643,0
DA:644,0
DA:645,0
DA:646,0
DA:647,0
DA:648,0
DA:649,0
DA:650,0
DA:651,0
DA:653,0
DA:654,0
DA:656,0
DA:657,0
DA:658,0
DA:659,0
DA:666,0
DA:667,0
DA:668,0
DA:670,0
DA:671,0
DA:672,0
DA:674,0
DA:677,0
DA:679,0
DA:680,0
DA:683,0
DA:685,0
DA:686,0
DA:687,0
DA:690,0
DA:691,0
DA:692,0
DA:696,0
DA:698,0
DA:699,0
DA:700,0
DA:701,0
DA:702,0
DA:703,0
DA:704,0
DA:708,0
DA:709,0
DA:717,0
DA:721,0
DA:725,0
DA:729,0
DA:734,0
DA:739,0
DA:747,0
DA:752,0
DA:760,0
DA:761,0
DA:765,0
DA:769,0
DA:773,0
DA:776,0
DA:783,0
DA:785,0
DA:787,0
DA:789,0
DA:791,0
DA:793,0
DA:795,0
DA:802,0
DA:810,0
DA:811,0
DA:814,0
DA:815,0
DA:817,0
DA:818,0
DA:819,0
DA:820,0
DA:821,0
DA:822,0
DA:823,0
DA:824,0
DA:826,0
DA:827,0
DA:829,0
DA:831,0
DA:833,0
DA:834,0
DA:836,0
DA:844,0
DA:845,0
DA:846,0
DA:847,0
DA:848,0
DA:856,0
DA:858,0
DA:867,0
DA:868,0
DA:878,0
DA:882,0
DA:885,0
DA:891,0
DA:892,0
DA:893,0
DA:894,0
DA:895,0
LF:437
LH:0
end_of_record
SF:lib\features\offer\presentation\bloc\offer_bloc.dart
DA:14,5
DA:15,0
DA:16,0
DA:22,0
DA:28,0
DA:29,0
DA:35,0
DA:36,0
DA:37,0
DA:43,0
DA:44,0
DA:45,0
DA:51,0
DA:52,0
DA:53,0
DA:58,2
DA:59,0
DA:60,0
DA:66,4
DA:67,1
DA:68,3
DA:73,1
DA:74,0
DA:75,0
DA:84,0
DA:89,0
DA:90,0
DA:97,0
DA:102,0
DA:103,0
DA:110,1
DA:115,0
DA:116,0
DA:124,0
DA:130,0
DA:132,0
DA:139,1
DA:144,0
DA:145,0
DA:151,1
DA:155,0
DA:156,0
DA:161,0
DA:162,0
DA:163,0
DA:169,0
DA:173,0
DA:174,0
DA:187,7
DA:200,1
DA:212,1
DA:213,1
DA:214,1
DA:217,1
DA:218,1
DA:219,1
DA:221,1
DA:222,1
DA:223,1
DA:224,1
DA:227,1
DA:228,1
DA:229,1
DA:230,1
DA:231,1
DA:232,1
DA:233,1
DA:234,1
DA:235,1
DA:236,1
DA:237,1
DA:238,1
DA:239,1
DA:249,1
DA:251,1
DA:252,2
DA:253,2
DA:254,2
DA:255,2
DA:256,2
DA:257,2
DA:258,2
DA:259,2
DA:260,2
DA:261,2
DA:262,2
DA:263,2
DA:264,2
DA:265,2
DA:266,2
DA:267,2
DA:270,0
DA:271,0
DA:272,0
DA:273,0
DA:274,0
DA:275,0
DA:276,0
DA:277,0
DA:278,0
DA:279,0
DA:282,0
DA:283,0
DA:284,0
DA:285,0
DA:286,0
DA:287,0
DA:290,0
DA:291,0
DA:292,0
DA:293,0
DA:294,0
DA:295,0
DA:297,0
DA:298,0
DA:299,0
DA:300,0
DA:302,0
DA:303,0
DA:304,0
DA:305,0
DA:306,0
DA:307,0
DA:310,0
DA:312,0
DA:314,0
DA:317,0
DA:319,0
DA:324,0
DA:331,0
DA:332,0
DA:333,0
DA:334,0
DA:335,0
DA:336,0
DA:337,0
DA:341,0
DA:342,0
DA:345,0
DA:346,0
DA:347,0
DA:350,0
DA:354,0
DA:355,0
DA:357,0
DA:359,0
DA:360,0
DA:365,0
DA:366,0
DA:367,0
DA:369,0
DA:370,0
DA:371,0
DA:374,0
DA:378,0
DA:379,0
DA:380,0
DA:383,0
DA:385,0
DA:389,0
DA:398,0
DA:399,0
DA:401,0
DA:402,0
DA:403,0
DA:406,0
DA:410,0
DA:411,0
DA:413,0
DA:415,0
DA:416,0
DA:421,0
DA:422,0
DA:423,0
DA:424,0
DA:425,0
DA:426,0
DA:429,0
DA:432,0
DA:433,0
DA:434,0
DA:437,0
DA:439,0
DA:443,0
DA:452,1
DA:453,3
DA:455,4
DA:456,4
DA:457,1
DA:460,3
DA:464,1
DA:465,1
DA:467,2
DA:469,1
DA:470,1
DA:475,1
DA:476,0
DA:477,1
DA:478,4
DA:479,3
DA:480,2
DA:483,1
DA:486,2
DA:487,1
DA:488,2
DA:492,4
DA:494,2
DA:498,3
DA:507,0
DA:509,0
DA:511,0
DA:512,0
DA:513,0
DA:516,0
DA:521,0
DA:522,0
DA:524,0
DA:525,0
DA:527,0
DA:530,0
DA:531,0
DA:532,0
DA:534,0
DA:535,0
DA:536,0
DA:540,0
DA:542,0
DA:546,0
DA:554,1
DA:555,4
DA:556,4
DA:557,3
DA:560,1
DA:563,4
DA:564,1
DA:565,5
DA:566,4
DA:570,1
DA:571,7
DA:574,1
DA:575,3
DA:578,1
DA:580,3
DA:581,2
DA:582,1
DA:583,1
DA:584,1
DA:586,1
DA:587,0
DA:588,1
DA:589,4
DA:590,3
DA:599,1
DA:601,2
DA:602,1
DA:603,1
DA:605,1
DA:606,0
DA:607,1
DA:608,4
DA:609,3
DA:610,3
DA:613,1
DA:614,4
DA:615,3
DA:623,0
DA:626,0
DA:627,0
DA:628,0
DA:629,0
DA:630,0
DA:631,0
DA:632,0
DA:633,0
DA:641,0
DA:643,0
DA:644,0
DA:645,0
DA:647,0
DA:648,0
DA:649,0
DA:651,0
DA:652,0
DA:653,0
LF:284
LH:110
end_of_record
SF:lib\features\notifications\data\models\notification_model.dart
DA:18,0
DA:19,0
DA:31,0
DA:32,0
LF:4
LH:0
end_of_record
SF:lib\features\notifications\data\models\notification_model.g.dart
DA:9,0
DA:11,0
DA:12,0
DA:13,0
DA:14,0
DA:15,0
DA:16,0
DA:18,0
DA:19,0
DA:20,0
DA:23,0
DA:25,0
DA:26,0
DA:27,0
DA:28,0
DA:29,0
DA:30,0
DA:31,0
DA:32,0
DA:42,0
DA:43,0
DA:44,0
DA:45,0
DA:46,0
DA:47,0
DA:49,0
DA:50,0
DA:53,0
DA:54,0
DA:55,0
DA:56,0
DA:57,0
DA:58,0
DA:59,0
LF:34
LH:0
end_of_record
SF:lib\features\offer\data\datasources\offer_remote_datasource.dart
DA:11,0
DA:16,0
DA:23,0
DA:25,0
DA:29,0
DA:30,0
DA:31,0
DA:33,0
DA:34,0
DA:37,0
DA:38,0
DA:42,0
DA:45,0
DA:46,0
DA:47,0
DA:48,0
DA:52,0
DA:53,0
DA:54,0
DA:55,0
DA:60,0
DA:61,0
DA:62,0
DA:63,0
DA:68,0
DA:69,0
DA:70,0
DA:71,0
DA:72,0
DA:73,0
DA:78,0
DA:82,0
DA:85,0
DA:86,0
DA:87,0
DA:88,0
DA:89,0
DA:90,0
DA:94,0
DA:98,0
DA:100,0
DA:101,0
DA:102,0
DA:103,0
DA:104,0
DA:106,0
DA:107,0
DA:108,0
DA:111,0
DA:112,0
DA:113,0
DA:118,0
DA:119,0
DA:121,0
DA:122,0
DA:123,0
DA:124,0
DA:125,0
DA:126,0
DA:131,0
DA:134,0
DA:137,0
DA:138,0
DA:139,0
DA:140,0
DA:141,0
DA:142,0
DA:143,0
DA:144,0
DA:147,0
DA:150,0
DA:151,0
DA:152,0
DA:153,0
DA:154,0
DA:155,0
DA:156,0
DA:157,0
DA:163,0
DA:168,0
DA:170,0
DA:171,0
DA:173,0
DA:174,0
DA:175,0
DA:176,0
DA:177,0
DA:178,0
DA:179,0
DA:184,0
DA:189,0
DA:190,0
DA:191,0
DA:194,0
DA:195,0
DA:196,0
DA:197,0
DA:198,0
DA:200,0
DA:201,0
DA:202,0
DA:203,0
DA:204,0
DA:205,0
DA:206,0
DA:207,0
DA:208,0
LF:107
LH:0
end_of_record
SF:lib\features\property\data\models\address_model.dart
DA:19,0
DA:20,0
DA:37,0
DA:38,0
DA:54,0
DA:55,0
LF:6
LH:0
end_of_record
SF:lib\features\property\data\models\address_model.g.dart
DA:9,0
DA:10,0
DA:11,0
DA:12,0
DA:13,0
DA:14,0
DA:15,0
DA:16,0
DA:17,0
DA:18,0
DA:21,0
DA:22,0
DA:23,0
DA:24,0
DA:25,0
DA:26,0
DA:27,0
DA:28,0
DA:29,0
DA:30,0
DA:33,0
DA:35,0
DA:36,0
DA:37,0
DA:38,0
DA:39,0
DA:40,0
DA:41,0
DA:42,0
DA:43,0
DA:44,0
DA:47,0
DA:49,0
DA:50,0
DA:51,0
DA:52,0
DA:53,0
DA:54,0
DA:55,0
DA:56,0
DA:57,0
DA:58,0
DA:61,0
DA:62,0
DA:63,0
DA:64,0
DA:65,0
DA:66,0
DA:67,0
DA:68,0
DA:69,0
DA:70,0
DA:73,0
DA:74,0
DA:75,0
DA:76,0
DA:77,0
DA:78,0
DA:79,0
DA:80,0
DA:81,0
DA:82,0
LF:62
LH:0
end_of_record
SF:lib\features\offer\presentation\pages\offer_details_page.dart
DA:22,2
DA:24,2
DA:25,2
DA:29,2
DA:31,2
DA:32,6
DA:33,4
DA:36,16
DA:38,0
DA:39,0
DA:40,0
DA:41,0
DA:42,0
DA:43,0
DA:45,0
DA:49,8
DA:53,2
DA:54,6
DA:56,14
DA:62,2
DA:63,2
DA:64,2
DA:66,2
DA:68,1
DA:75,2
DA:76,2
DA:77,2
DA:79,2
DA:81,1
DA:88,2
DA:89,4
DA:90,2
DA:91,6
DA:96,0
DA:97,0
DA:98,0
DA:99,0
DA:104,0
DA:105,0
DA:106,0
DA:107,0
DA:108,0
DA:109,0
DA:114,2
DA:115,2
DA:116,2
DA:117,2
DA:118,6
DA:119,12
DA:120,4
DA:122,2
DA:125,2
DA:127,2
DA:128,2
DA:131,2
DA:133,0
DA:136,2
DA:137,4
DA:138,0
DA:139,0
DA:142,2
DA:144,2
DA:145,6
DA:146,8
DA:147,2
DA:148,2
DA:151,2
DA:152,6
DA:153,2
DA:154,4
DA:155,2
DA:158,2
DA:159,2
DA:160,2
DA:161,4
DA:162,2
DA:166,0
DA:167,0
DA:168,0
DA:169,0
DA:172,0
DA:175,0
DA:176,0
DA:177,0
DA:179,0
DA:181,0
DA:185,0
DA:186,0
DA:187,0
DA:188,0
DA:189,0
DA:190,0
DA:191,0
DA:192,0
DA:193,0
DA:194,0
DA:197,0
DA:198,0
DA:199,0
DA:203,0
DA:206,0
DA:207,0
DA:209,0
DA:210,0
DA:211,0
DA:215,0
DA:217,0
DA:218,0
DA:219,0
DA:220,0
DA:223,0
DA:224,0
DA:228,0
DA:229,0
DA:237,2
DA:239,2
DA:240,2
DA:241,2
DA:242,0
DA:243,0
DA:244,0
DA:247,0
DA:248,0
DA:252,2
DA:253,0
DA:254,0
DA:255,0
DA:258,0
DA:259,0
DA:264,2
DA:265,2
DA:268,0
DA:269,0
DA:278,4
DA:279,2
DA:281,2
DA:283,2
DA:285,2
DA:286,2
DA:287,2
DA:288,4
DA:290,0
DA:294,2
DA:295,6
DA:296,2
DA:298,2
DA:299,2
DA:300,4
DA:301,2
DA:302,2
DA:304,2
DA:305,2
DA:308,6
DA:310,4
DA:311,2
DA:314,6
DA:316,4
DA:317,2
DA:320,2
DA:321,0
DA:322,4
DA:327,4
DA:328,2
DA:332,2
DA:333,2
DA:335,4
DA:336,2
DA:338,6
DA:341,2
DA:343,4
DA:344,4
DA:345,0
DA:348,0
DA:349,2
DA:351,6
DA:352,4
DA:353,0
DA:356,0
DA:357,2
DA:359,6
DA:360,4
DA:361,0
DA:362,0
DA:363,4
DA:364,0
DA:367,0
DA:368,4
DA:369,0
DA:371,0
DA:372,4
DA:373,0
DA:375,0
DA:376,2
DA:377,0
DA:379,0
DA:380,2
DA:381,4
DA:384,2
DA:388,2
DA:389,2
DA:391,8
DA:392,2
DA:394,4
DA:395,4
DA:396,6
DA:397,6
DA:399,6
DA:401,6
DA:402,6
DA:403,6
DA:404,0
DA:406,0
DA:407,0
DA:408,0
DA:409,0
DA:410,0
DA:411,0
DA:412,0
DA:413,0
DA:414,4
DA:415,0
DA:416,0
DA:419,2
DA:423,2
DA:424,2
DA:425,6
DA:426,6
DA:427,0
DA:428,0
DA:429,6
DA:430,0
DA:431,0
DA:432,6
DA:433,0
DA:434,0
DA:435,6
DA:436,0
DA:438,0
DA:439,6
DA:440,0
DA:442,0
DA:443,2
DA:444,6
DA:445,2
DA:446,6
DA:447,6
DA:448,0
DA:450,0
DA:451,6
DA:452,0
DA:454,0
DA:457,2
DA:461,2
DA:462,2
DA:464,2
DA:465,2
DA:466,2
DA:469,4
DA:470,0
DA:474,0
DA:475,0
DA:476,0
DA:477,0
DA:479,4
DA:480,2
DA:481,5
DA:486,2
DA:493,2
DA:494,2
DA:495,2
DA:497,4
DA:498,2
DA:499,2
DA:500,2
DA:501,2
DA:502,2
DA:507,4
DA:508,4
DA:510,2
DA:511,2
DA:512,2
DA:513,2
DA:514,2
DA:515,2
DA:516,2
DA:517,4
DA:519,6
DA:521,4
DA:522,2
DA:523,2
DA:525,2
DA:526,2
DA:527,2
DA:528,4
DA:534,4
DA:535,2
DA:536,6
DA:537,2
DA:538,2
DA:543,4
DA:544,0
DA:545,0
DA:546,0
DA:548,0
DA:549,0
DA:551,0
DA:552,0
DA:553,0
DA:554,0
DA:562,2
DA:563,2
DA:567,2
DA:568,4
DA:569,1
DA:570,2
DA:571,1
DA:573,1
DA:574,1
DA:578,5
DA:579,1
DA:580,1
DA:581,1
DA:582,1
DA:583,1
DA:585,1
DA:586,1
DA:587,2
DA:589,4
DA:590,0
DA:598,1
DA:613,6
DA:616,2
DA:618,2
DA:619,2
DA:620,2
DA:621,6
DA:623,2
DA:624,2
DA:626,4
DA:628,2
DA:629,2
DA:630,10
DA:631,2
DA:633,2
DA:635,0
DA:636,0
DA:637,0
DA:638,0
DA:639,0
DA:644,0
DA:651,0
DA:652,0
DA:653,0
DA:654,0
DA:655,0
DA:661,0
DA:662,0
DA:663,0
DA:669,0
DA:675,0
DA:676,0
DA:677,0
DA:678,0
DA:679,0
DA:687,0
DA:688,0
DA:690,0
DA:695,0
DA:701,2
DA:702,2
DA:704,2
DA:710,0
DA:717,0
DA:718,0
DA:719,0
DA:720,0
DA:721,0
DA:729,2
DA:730,0
DA:731,0
DA:732,0
DA:733,0
DA:737,0
DA:738,0
DA:739,0
DA:743,0
DA:744,0
DA:745,0
DA:750,0
DA:764,0
DA:772,0
DA:774,0
DA:776,0
DA:777,0
DA:778,0
DA:779,0
DA:780,0
DA:781,0
DA:782,0
DA:783,0
DA:784,0
DA:785,0
DA:787,0
DA:788,0
DA:789,0
DA:790,0
DA:792,0
DA:795,0
DA:796,0
DA:798,0
DA:805,0
DA:806,0
DA:807,0
DA:809,0
DA:811,0
DA:812,0
DA:813,0
DA:816,0
DA:817,0
DA:818,0
DA:819,0
DA:820,0
DA:823,0
DA:825,0
DA:826,0
DA:831,0
DA:832,0
DA:833,0
DA:834,0
DA:835,0
DA:836,0
DA:837,0
DA:839,0
DA:840,0
DA:841,0
DA:842,0
DA:843,0
DA:844,0
DA:845,0
DA:846,0
DA:847,0
DA:850,0
DA:853,0
DA:854,0
DA:856,0
DA:863,1
DA:868,3
DA:869,2
DA:870,1
DA:871,1
DA:872,1
DA:877,1
DA:880,1
DA:881,3
DA:883,2
DA:896,2
DA:905,2
DA:907,2
DA:908,2
DA:909,4
DA:910,2
DA:911,0
DA:912,0
DA:913,0
DA:914,0
DA:915,6
DA:916,4
DA:917,2
DA:918,2
DA:919,6
DA:920,4
DA:922,6
DA:926,0
DA:927,0
DA:928,0
DA:929,0
DA:930,0
DA:931,0
DA:934,0
DA:935,0
DA:936,0
DA:937,0
DA:939,0
DA:941,0
LF:484
LH:245
end_of_record
SF:lib\app\theme\app_typography.dart
DA:10,0
DA:11,0
DA:13,0
DA:17,0
DA:18,0
DA:20,0
DA:24,0
DA:25,0
DA:31,0
DA:32,0
DA:37,0
DA:38,0
DA:43,3
DA:44,1
DA:50,6
DA:51,2
DA:56,6
DA:57,2
DA:62,0
DA:63,0
DA:69,0
DA:70,0
DA:75,6
DA:76,2
DA:81,6
DA:82,2
DA:88,0
DA:89,0
DA:95,0
DA:96,0
DA:102,0
DA:103,0
DA:110,0
DA:111,0
DA:117,6
DA:118,2
LF:36
LH:12
end_of_record
SF:lib\core\widgets\app_widgets.dart
DA:17,0
DA:27,0
DA:29,0
DA:30,0
DA:31,0
DA:32,0
DA:33,0
DA:34,0
DA:35,0
DA:40,0
DA:41,0
DA:42,0
DA:43,0
DA:44,0
DA:45,0
DA:48,0
DA:49,0
DA:50,0
DA:51,0
DA:52,0
DA:53,0
DA:60,0
DA:61,0
DA:62,0
DA:65,0
DA:66,0
DA:69,0
DA:75,0
DA:76,0
DA:77,0
DA:78,0
DA:79,0
DA:87,0
DA:88,0
DA:91,0
DA:92,0
DA:93,0
DA:94,0
DA:99,0
DA:117,0
DA:132,0
DA:134,0
DA:135,0
DA:136,0
DA:137,0
DA:138,0
DA:139,0
DA:140,0
DA:141,0
DA:142,0
DA:143,0
DA:144,0
DA:145,0
DA:146,0
DA:147,0
DA:149,0
DA:163,2
DA:172,0
DA:174,0
DA:175,0
DA:176,0
DA:177,0
DA:179,0
DA:180,0
DA:181,0
DA:182,0
DA:183,0
DA:184,0
DA:187,0
DA:189,0
DA:190,0
DA:191,0
DA:192,0
DA:193,0
DA:194,0
DA:195,0
DA:196,0
DA:197,0
DA:198,0
DA:202,0
DA:203,0
DA:204,0
DA:205,0
DA:206,0
DA:207,0
DA:213,0
DA:223,0
DA:230,0
DA:232,0
DA:233,0
DA:234,0
DA:235,0
DA:237,0
DA:240,0
DA:241,0
DA:251,0
DA:258,0
DA:260,0
DA:261,0
DA:262,0
DA:263,0
DA:264,0
DA:265,0
DA:266,0
DA:267,0
LF:105
LH:1
end_of_record
SF:lib\core\widgets\currency_input.dart
DA:17,0
DA:26,0
DA:27,0
DA:34,0
DA:36,0
DA:37,0
DA:38,0
DA:39,0
DA:44,0
DA:46,0
DA:47,0
DA:50,0
DA:51,0
DA:52,0
DA:54,0
DA:56,0
DA:58,0
DA:60,0
DA:63,0
DA:66,0
DA:68,0
DA:69,0
DA:71,0
DA:72,0
DA:73,0
DA:74,0
DA:75,0
DA:76,0
DA:78,0
LF:29
LH:0
end_of_record
SF:lib\core\widgets\down_payment_selector.dart
DA:12,2
DA:25,0
DA:32,0
DA:33,0
DA:67,0
DA:69,0
DA:70,0
DA:73,0
DA:75,0
DA:77,0
DA:78,0
DA:79,0
DA:80,0
DA:85,0
DA:86,0
DA:87,0
DA:88,0
DA:89,0
DA:90,0
DA:91,0
DA:93,0
DA:94,0
DA:95,0
DA:96,0
DA:98,0
DA:100,0
DA:104,0
DA:106,0
DA:107,0
DA:108,0
DA:111,0
DA:113,0
DA:114,0
DA:115,0
DA:117,0
DA:118,0
DA:119,0
DA:120,0
DA:127,0
DA:128,0
DA:129,0
DA:130,0
DA:137,0
DA:138,0
DA:139,0
DA:141,0
DA:143,0
DA:145,0
DA:146,0
DA:147,0
LF:50
LH:1
end_of_record
SF:lib\features\offer\presentation\widgets\offer_details_components.dart
DA:15,2
DA:23,2
DA:25,2
DA:26,4
DA:27,2
DA:29,4
DA:30,2
DA:31,2
DA:32,2
DA:33,2
DA:39,2
DA:41,2
DA:42,2
DA:43,10
DA:44,2
DA:46,2
DA:47,2
DA:48,2
DA:49,2
DA:50,2
DA:51,2
DA:52,4
DA:54,6
DA:56,4
DA:57,2
DA:58,2
DA:60,2
DA:61,6
DA:62,6
DA:63,2
DA:64,4
DA:65,2
DA:66,2
DA:67,2
DA:68,2
DA:77,2
DA:78,2
DA:79,10
DA:80,4
DA:93,2
DA:100,2
DA:102,2
DA:103,4
DA:104,2
DA:106,2
DA:107,2
DA:108,2
DA:109,2
DA:110,2
DA:111,2
DA:112,2
DA:115,4
DA:116,2
DA:117,2
DA:118,2
DA:120,4
DA:121,2
DA:122,2
DA:137,2
DA:144,2
DA:146,2
DA:147,2
DA:148,4
DA:149,2
DA:151,2
DA:152,4
DA:154,2
DA:158,2
DA:159,2
DA:160,2
DA:161,6
DA:162,4
DA:163,2
DA:164,2
DA:165,2
DA:169,2
DA:170,2
DA:175,4
DA:176,2
DA:177,2
DA:181,4
DA:197,1
DA:204,1
DA:206,1
DA:208,1
DA:209,2
DA:210,1
DA:211,1
DA:212,3
DA:213,1
DA:215,1
DA:216,1
DA:217,1
DA:218,1
DA:219,1
DA:220,1
DA:221,2
DA:223,1
DA:225,1
DA:229,2
DA:230,1
DA:231,1
DA:233,1
DA:234,1
DA:235,3
DA:236,0
DA:237,2
DA:238,1
DA:240,2
DA:241,1
DA:242,5
DA:243,1
DA:244,1
DA:249,1
DA:250,1
DA:262,1
DA:267,1
DA:268,1
DA:270,2
DA:272,1
DA:273,1
DA:274,3
DA:275,4
DA:276,1
DA:277,1
DA:280,0
DA:281,0
DA:282,0
DA:283,0
DA:284,0
DA:285,0
DA:286,0
DA:290,0
DA:291,0
DA:292,0
DA:293,0
DA:297,0
DA:300,1
DA:302,1
DA:303,0
DA:304,0
DA:306,1
DA:307,4
DA:308,2
DA:309,4
DA:311,0
DA:313,0
DA:314,0
DA:316,0
DA:317,0
DA:319,0
DA:321,0
DA:322,0
DA:324,0
DA:325,0
DA:327,0
DA:328,0
DA:329,0
DA:332,0
DA:334,0
DA:335,0
DA:337,0
DA:342,0
DA:343,0
DA:345,0
DA:346,0
DA:348,0
DA:352,0
DA:353,0
DA:355,0
DA:356,0
DA:358,0
DA:363,0
DA:365,0
DA:368,1
DA:371,4
DA:372,3
DA:373,3
DA:374,3
DA:375,1
DA:377,1
DA:378,1
DA:379,5
DA:380,1
DA:383,1
DA:384,2
DA:385,4
DA:386,1
DA:387,2
DA:388,1
DA:389,3
DA:390,0
DA:391,2
DA:392,1
DA:393,1
DA:395,2
DA:396,1
DA:397,0
DA:399,0
DA:400,0
DA:402,0
DA:404,0
DA:406,0
DA:407,0
DA:411,1
DA:412,1
DA:413,1
DA:414,1
DA:415,0
DA:416,1
DA:417,1
DA:418,1
DA:419,2
DA:420,1
DA:422,2
DA:423,1
DA:425,1
DA:427,1
DA:428,1
DA:429,1
DA:430,2
DA:431,2
DA:432,1
DA:433,3
DA:434,1
DA:438,2
DA:439,1
DA:441,2
DA:442,1
DA:443,1
DA:444,2
DA:446,1
DA:448,1
DA:449,1
DA:450,1
DA:451,2
DA:452,1
DA:453,1
DA:454,3
DA:455,1
DA:456,1
DA:462,2
DA:463,1
DA:465,2
DA:466,1
DA:467,1
DA:468,2
DA:470,1
DA:472,1
DA:473,1
DA:474,1
DA:475,2
DA:476,1
DA:477,1
DA:478,3
DA:479,1
DA:480,1
LF:257
LH:204
end_of_record
SF:lib\features\offer\presentation\widgets\offer_process_sheet.dart
DA:27,0
DA:35,0
DA:36,0
DA:44,0
DA:45,0
DA:76,0
DA:77,0
DA:78,0
DA:98,0
DA:100,0
DA:101,0
DA:102,0
DA:105,0
DA:106,0
DA:110,0
DA:111,0
DA:112,0
DA:113,0
DA:114,0
DA:115,0
DA:117,0
DA:118,0
DA:119,0
DA:120,0
DA:121,0
DA:122,0
DA:123,0
DA:124,0
DA:125,0
DA:127,0
DA:128,0
DA:132,0
DA:133,0
DA:134,0
DA:135,0
DA:136,0
DA:137,0
DA:138,0
DA:139,0
DA:140,0
DA:141,0
DA:142,0
DA:143,0
DA:144,0
DA:145,0
DA:146,0
DA:150,0
DA:151,0
DA:152,0
DA:153,0
DA:156,0
DA:157,0
DA:158,0
DA:162,0
DA:163,0
DA:164,0
DA:167,0
DA:168,0
DA:171,0
DA:172,0
DA:173,0
DA:174,0
DA:177,0
DA:179,0
DA:180,0
DA:181,0
DA:182,0
DA:183,0
DA:184,0
DA:185,0
DA:186,0
DA:187,0
DA:188,0
DA:189,0
DA:192,0
DA:193,0
DA:194,0
DA:195,0
DA:196,0
DA:197,0
DA:198,0
DA:199,0
DA:200,0
DA:201,0
DA:202,0
DA:203,0
DA:204,0
DA:205,0
DA:206,0
DA:207,0
DA:208,0
DA:209,0
DA:210,0
DA:211,0
DA:212,0
DA:213,0
DA:216,0
DA:217,0
DA:218,0
DA:219,0
DA:220,0
DA:221,0
DA:223,0
DA:224,0
DA:225,0
DA:227,0
DA:228,0
DA:229,0
DA:231,0
DA:232,0
DA:234,0
DA:235,0
DA:236,0
DA:239,0
DA:240,0
DA:241,0
DA:242,0
DA:243,0
DA:246,0
DA:247,0
DA:248,0
DA:250,0
DA:251,0
DA:252,0
DA:253,0
DA:254,0
DA:255,0
DA:256,0
DA:257,0
DA:258,0
DA:259,0
DA:261,0
DA:262,0
DA:263,0
DA:264,0
DA:266,0
DA:267,0
DA:268,0
DA:269,0
DA:270,0
DA:271,0
DA:273,0
DA:277,0
DA:278,0
DA:279,0
DA:281,0
DA:282,0
DA:286,0
DA:288,0
DA:289,0
DA:290,0
DA:291,0
DA:295,0
DA:296,0
DA:297,0
DA:298,0
DA:299,0
DA:301,0
DA:304,0
DA:312,0
DA:313,0
DA:316,0
DA:317,0
DA:318,0
DA:320,0
DA:321,0
DA:323,0
DA:327,0
DA:329,0
DA:330,0
DA:331,0
DA:332,0
DA:333,0
DA:335,0
DA:340,0
DA:341,0
DA:342,0
DA:343,0
DA:345,0
DA:346,0
DA:348,0
DA:351,0
DA:356,0
DA:357,0
DA:364,0
DA:365,0
DA:366,0
DA:367,0
DA:371,0
DA:372,0
DA:373,0
DA:374,0
DA:375,0
DA:376,0
DA:377,0
DA:378,0
DA:385,0
DA:386,0
DA:387,0
DA:388,0
DA:390,0
DA:391,0
DA:393,0
DA:394,0
DA:395,0
DA:396,0
DA:397,0
DA:398,0
DA:399,0
DA:403,0
DA:404,0
DA:412,0
DA:413,0
DA:414,0
DA:415,0
DA:416,0
DA:417,0
DA:418,0
DA:419,0
DA:420,0
DA:421,0
DA:422,0
DA:423,0
DA:429,0
DA:438,0
DA:439,0
DA:440,0
DA:441,0
DA:442,0
DA:443,0
DA:444,0
DA:445,0
DA:446,0
DA:455,0
DA:456,0
DA:457,0
DA:458,0
DA:460,0
DA:461,0
DA:462,0
DA:463,0
DA:464,0
DA:466,0
DA:468,0
DA:469,0
DA:470,0
DA:472,0
DA:474,0
DA:475,0
DA:476,0
DA:479,0
DA:480,0
DA:481,0
DA:483,0
DA:484,0
DA:485,0
DA:488,0
DA:490,0
DA:492,0
DA:493,0
DA:494,0
DA:495,0
DA:499,0
DA:500,0
DA:501,0
DA:502,0
DA:503,0
DA:504,0
DA:505,0
DA:506,0
DA:507,0
DA:508,0
DA:511,0
DA:512,0
DA:514,0
DA:515,0
DA:516,0
DA:521,0
DA:530,0
DA:531,0
DA:532,0
DA:534,0
DA:536,0
DA:537,0
DA:538,0
DA:540,0
DA:542,0
DA:544,0
DA:545,0
DA:546,0
DA:547,0
DA:548,0
DA:549,0
DA:554,0
DA:555,0
DA:557,0
DA:558,0
DA:559,0
DA:561,0
DA:562,0
DA:566,0
DA:567,0
DA:569,0
DA:570,0
DA:571,0
DA:572,0
DA:573,0
DA:574,0
DA:575,0
DA:576,0
DA:581,0
DA:582,0
DA:584,0
DA:585,0
DA:588,0
DA:589,0
DA:590,0
DA:591,0
DA:592,0
DA:593,0
DA:594,0
DA:596,0
DA:598,0
DA:600,0
DA:601,0
DA:602,0
DA:603,0
DA:604,0
DA:605,0
DA:606,0
DA:612,0
DA:614,0
DA:618,0
DA:619,0
DA:620,0
DA:621,0
DA:622,0
DA:624,0
DA:625,0
DA:629,0
DA:630,0
DA:632,0
DA:633,0
DA:635,0
DA:636,0
DA:640,0
DA:641,0
DA:643,0
DA:644,0
DA:646,0
DA:647,0
DA:649,0
DA:650,0
DA:652,0
DA:653,0
DA:657,0
DA:658,0
DA:660,0
DA:661,0
DA:663,0
DA:664,0
DA:668,0
DA:669,0
DA:671,0
DA:672,0
DA:674,0
DA:676,0
DA:680,0
DA:681,0
DA:682,0
DA:685,0
DA:687,0
DA:689,0
DA:691,0
DA:692,0
DA:693,0
DA:694,0
DA:695,0
DA:696,0
DA:697,0
DA:700,0
DA:702,0
DA:707,0
DA:708,0
DA:709,0
DA:710,0
DA:711,0
DA:713,0
DA:716,0
DA:717,0
DA:718,0
DA:719,0
DA:727,0
DA:728,0
DA:730,0
DA:731,0
DA:732,0
DA:733,0
DA:735,0
DA:736,0
DA:737,0
DA:741,0
DA:742,0
DA:743,0
DA:744,0
DA:745,0
DA:746,0
DA:747,0
DA:748,0
DA:752,0
DA:753,0
DA:757,0
DA:758,0
DA:759,0
DA:760,0
DA:761,0
DA:762,0
DA:766,0
DA:774,0
DA:775,0
DA:777,0
DA:778,0
DA:782,0
DA:783,0
DA:784,0
DA:788,0
DA:789,0
DA:793,0
DA:794,0
DA:796,0
DA:797,0
DA:798,0
DA:802,0
DA:810,0
DA:811,0
DA:812,0
DA:814,0
DA:815,0
DA:816,0
DA:817,0
DA:818,0
DA:819,0
DA:821,0
DA:822,0
DA:823,0
DA:824,0
DA:825,0
DA:826,0
DA:827,0
DA:829,0
DA:830,0
DA:831,0
DA:832,0
DA:833,0
DA:834,0
DA:835,0
DA:836,0
DA:837,0
DA:838,0
DA:839,0
DA:840,0
DA:841,0
DA:842,0
DA:843,0
DA:845,0
DA:846,0
DA:847,0
DA:848,0
DA:850,0
DA:851,0
DA:853,0
DA:855,0
DA:856,0
DA:858,0
DA:859,0
DA:860,0
DA:861,0
DA:862,0
DA:864,0
DA:869,0
DA:870,0
DA:872,0
DA:873,0
DA:874,0
DA:875,0
DA:876,0
DA:877,0
DA:882,0
DA:883,0
DA:884,0
DA:885,0
DA:887,0
DA:888,0
DA:889,0
DA:890,0
DA:891,0
DA:892,0
DA:893,0
DA:900,0
DA:901,0
DA:902,0
DA:903,0
DA:904,0
DA:905,0
DA:906,0
DA:907,0
DA:908,0
DA:909,0
DA:910,0
DA:913,0
DA:916,0
DA:917,0
DA:918,0
DA:919,0
DA:920,0
DA:921,0
DA:925,0
DA:926,0
DA:936,0
DA:937,0
DA:939,0
DA:940,0
DA:941,0
DA:947,0
DA:948,0
DA:949,0
DA:950,0
DA:951,0
DA:952,0
DA:953,0
DA:955,0
DA:959,0
DA:960,0
DA:961,0
DA:962,0
DA:963,0
DA:964,0
DA:965,0
DA:967,0
DA:970,0
DA:975,0
DA:983,0
DA:984,0
DA:991,0
DA:996,0
DA:997,0
DA:998,0
DA:999,0
DA:1002,0
DA:1003,0
DA:1006,0
DA:1007,0
DA:1009,0
DA:1010,0
DA:1011,0
DA:1013,0
DA:1014,0
LF:557
LH:0
end_of_record
